C:\SAHIL\DEVELOPMENT\WINDOW-DETECTIVE-3.5.1-SRC\SRC\HOOK\DEBUG\WIN32\WD_HOOK_WIN32_DEBUG.PCH
C:\SAHIL\DEVELOPMENT\WINDOW-DETECTIVE-3.5.1-SRC\SRC\HOOK\DEBUG\WIN32\STDAFX.OBJ
C:\SAHIL\DEVELOPMENT\WINDOW-DETECTIVE-3.5.1-SRC\SRC\HOOK\DEBUG\WIN32\VC110.PDB
C:\SAHIL\DEVELOPMENT\WINDOW-DETECTIVE-3.5.1-SRC\SRC\HOOK\DEBUG\WIN32\HOOK.OBJ
C:\SAHIL\DEVELOPMENT\WINDOW-DETECTIVE-3.5.1-SRC\SRC\HOOK\DEBUG\WIN32\REMOTEINFO.OBJ
C:\SAHIL\DEVELOPMENT\WINDOW-DETECTIVE-3.5.1-SRC\SRC\HOOK\DEBUG\WIN32\VERSION_INFO.RES
C:\sahil\development\Window-Detective-3.5.1-src\src\hook\Debug\Win32\Hook.obj
C:\sahil\development\Window-Detective-3.5.1-src\src\hook\Debug\Win32\RemoteInfo.obj
C:\sahil\development\Window-Detective-3.5.1-src\src\hook\Debug\Win32\stdafx.obj
C:\sahil\development\Window-Detective-3.5.1-src\src\hook\Debug\Win32\cl.command.1.tlog
C:\sahil\development\Window-Detective-3.5.1-src\src\hook\Debug\Win32\CL.read.1.tlog
C:\sahil\development\Window-Detective-3.5.1-src\src\hook\Debug\Win32\CL.write.1.tlog
C:\sahil\development\Window-Detective-3.5.1-src\src\hook\Debug\Win32\link.command.1.tlog
C:\sahil\development\Window-Detective-3.5.1-src\src\hook\Debug\Win32\link.read.1.tlog
C:\sahil\development\Window-Detective-3.5.1-src\src\hook\Debug\Win32\link.write.1.tlog
C:\sahil\development\Window-Detective-3.5.1-src\src\hook\Debug\Win32\rc.command.1.tlog
C:\sahil\development\Window-Detective-3.5.1-src\src\hook\Debug\Win32\rc.read.1.tlog
C:\sahil\development\Window-Detective-3.5.1-src\src\hook\Debug\Win32\rc.write.1.tlog
C:\sahil\development\Window-Detective-3.5.1-src\src\hook\Debug\Win32\version_info.res
C:\sahil\development\Window-Detective-3.5.1-src\src\hook\Debug\Win32\WD_Hook_Win32_Debug.pch
C:\sahil\development\Window-Detective-3.5.1-src\src\hook\Debug\Win32\vc110.idb
C:\sahil\development\Window-Detective-3.5.1-src\src\hook\Debug\Win32\vc110.pdb
C:\sahil\development\Window-Detective-3.5.1-src\src\\Win32\Debug\WD_Hook_Win32_Debug.dll
