Build started 5/11/2020 1:01:04 AM.
     1>Project "C:\sahil\development\Window-Detective-3.5.1-src\src\Window Detective.vcxproj" on node 2 (Rebuild target(s)).
     1>C:\Program Files (x86)\MSBuild\Microsoft.Cpp\v4.0\V110\Microsoft.CppBuild.targets(345,5): warning MSB8004: Intermediate Directory does not end with a trailing slash.  This build instance will add the slash as it is required to allow proper evaluation of the Intermediate Directory.
     1>C:\Program Files (x86)\MSBuild\Microsoft.Cpp\v4.0\V110\Microsoft.CppBuild.targets(346,5): warning MSB8004: Output Directory does not end with a trailing slash.  This build instance will add the slash as it is required to allow proper evaluation of the Output Directory.
     1>CustomBuild:
         Moc'ing ResizableDockContainer.h...
         Moc'ing SizeInputWidget.h...
         Moc'ing SystemColoursPane.h...
         Moc'ing SystemParametersPane.h...
         Moc'ing SystemMetricsPane.h...
         Moc'ing AboutDialog.h...
         Moc'ing FindDialog.h...
         Moc'ing HighlightPane.h...
         Moc'ing InfoPane.h...
         Moc'ing MainWindow.h...
         Moc'ing MessageFilterDialog.h...
         Moc'ing MessageFiltering.h...
         Moc'ing MessagesPane.h...
         Moc'ing PreferencesDialog.h...
         Moc'ing SearchResultsDialog.h...
         Moc'ing SetPropertiesDialog.h...
         Moc'ing SystemInfoDialog.h...
         Moc'ing BalloonTip.h...
         Moc'ing BrushPropertyWidget.h...
         Moc'ing ColourButton.h...
         Moc'ing FontPropertyWidget.h...
         Moc'ing HexSpinBox.h...
         Moc'ing MessageWidget.h...
         Moc'ing SearchCriteriaWidget.h...
         Moc'ing SearchInputPane.h...
         Moc'ing TreeItem.h...
         Moc'ing WindowPicker.h...
         Moc'ing WindowPropWidget.h...
         Moc'ing WindowTree.h...
         Moc'ing AbstractPropertyPage.h...
         Moc'ing ComboBoxPropertyPage.h...
         Moc'ing DateTimePickerPropertyPage.h...
         Moc'ing EditPropertyPage.h...
         Moc'ing GenericPropertyPage.h...
         Moc'ing ListBoxPropertyPage.h...
         Moc'ing ListViewPropertyPage.h...
         Moc'ing ProgressBarPropertyPage.h...
         Moc'ing PropertiesPane.h...
         Moc'ing ScrollPropertyWidget.h...
         Moc'ing StatusBarPropertyPage.h...
         Moc'ing TabPropertyPage.h...
         Moc'ing WindowClassPropertyPage.h...
         Moc'ing WindowManager.h...
         Moc'ing Window.h...
         Uic'ing ui\forms\FindDialog.ui...
         Uic'ing ui\forms\MainWindow.ui...
         Uic'ing ui\forms\MessageFilterDialog.ui...
         Uic'ing ui\forms\MessagesPane.ui...
         Uic'ing ui\forms\PreferencesDialog.ui...
         Uic'ing ui\forms\PropertiesPane.ui...
         Uic'ing ui\forms\SearchResultsDialog.ui...
         Uic'ing ui\forms\SetPropertiesDialog.ui...
         Uic'ing ui\forms\SystemInfoDialog.ui...
         Rcc'ing qt_resources.qrc...
         Uic'ing ui\forms\SystemMetricsPane.ui...
         Uic'ing ui\forms\SystemColoursPane.ui...
         Uic'ing ui\forms\SystemParametersPane.ui...
       ClCompile:
         C:\Program Files (x86)\Microsoft Visual Studio 11.0\VC\bin\CL.exe /c /I"C:\sahil\development\Window-Detective-3.5.1-src\src\\" /I"C:\Qt\qtx86_vs2012\mkspecs\win32-msvc2012" /IC:\Qt\qtx86_vs2012\include /IC:\Qt\qtx86_vs2012\include\QtCore /IC:\Qt\qtx86_vs2012\include\QtGui /IC:\Qt\qtx86_vs2012\include\QtWidgets /IC:\Qt\qtx86_vs2012\include\QtXml /I.\ui\forms /IDebug\moc /IDebug\rcc /Zi /nologo /W3 /WX- /Od /Oy- /D _WINDOWS /D UNICODE /D WIN32 /D QT_LARGEFILE_SUPPORT /D QT_DLL /D QT_GUI_LIB /D QT_CORE_LIB /D QT_THREAD_SUPPORT /D QT_WIDGETS_LIB /D QT_XML_LIB /Gm /EHsc /MDd /GS /fp:precise /Zc:wchar_t- /Zc:forScope /GR /Fo"C:\sahil\development\Window-Detective-3.5.1-src\src\\Debug\Win32\\" /Fd"C:\sahil\development\Window-Detective-3.5.1-src\src\\Debug\Win32\vc110.pdb" /Gd /TP /analyze- /errorReport:prompt -Zm200 -w34100 -w34189 -w34100 -w34189 Debug\moc\moc_AboutDialog.cpp Debug\moc\moc_AbstractPropertyPage.cpp Debug\moc\moc_BalloonTip.cpp Debug\moc\moc_BrushPropertyWidget.cpp Debug\moc\moc_ColourButton.cpp Debug\moc\moc_ComboBoxPropertyPage.cpp Debug\moc\moc_DateTimePickerPropertyPage.cpp Debug\moc\moc_EditPropertyPage.cpp Debug\moc\moc_FindDialog.cpp Debug\moc\moc_FontPropertyWidget.cpp Debug\moc\moc_GenericPropertyPage.cpp Debug\moc\moc_HexSpinBox.cpp Debug\moc\moc_HighlightPane.cpp Debug\moc\moc_InfoPane.cpp Debug\moc\moc_ListBoxPropertyPage.cpp Debug\moc\moc_ListViewPropertyPage.cpp Debug\moc\moc_MainWindow.cpp Debug\moc\moc_MessageFilterDialog.cpp Debug\moc\moc_MessageFiltering.cpp Debug\moc\moc_MessagesPane.cpp Debug\moc\moc_MessageWidget.cpp Debug\moc\moc_PreferencesDialog.cpp Debug\moc\moc_ProgressBarPropertyPage.cpp Debug\moc\moc_PropertiesPane.cpp Debug\moc\moc_ResizableDockContainer.cpp Debug\moc\moc_ScrollPropertyWidget.cpp Debug\moc\moc_SearchCriteriaWidget.cpp Debug\moc\moc_SearchInputPane.cpp Debug\moc\moc_SearchResultsDialog.cpp Debug\moc\moc_SetPropertiesDialog.cpp Debug\moc\moc_SizeInputWidget.cpp Debug\moc\moc_StatusBarPropertyPage.cpp Debug\moc\moc_SystemColoursPane.cpp Debug\moc\moc_SystemInfoDialog.cpp Debug\moc\moc_SystemMetricsPane.cpp Debug\moc\moc_SystemParametersPane.cpp Debug\moc\moc_TabPropertyPage.cpp Debug\moc\moc_TreeItem.cpp Debug\moc\moc_Window.cpp Debug\moc\moc_WindowClassPropertyPage.cpp Debug\moc\moc_WindowManager.cpp Debug\moc\moc_WindowPicker.cpp Debug\moc\moc_WindowPropWidget.cpp Debug\moc\moc_WindowTree.cpp ui\custom_widgets\SizeInputWidget.cpp ui\SystemColoursPane.cpp ui\SystemParametersPane.cpp ui\SystemMetricsPane.cpp window_detective\IniFile.cpp window_detective\Logger.cpp window_detective\main.cpp window_detective\QtHelpers.cpp window_detective\Resources.cpp window_detective\Settings.cpp window_detective\StringFormatter.cpp ui\AboutDialog.cpp ui\ActionManager.cpp ui\FindDialog.cpp ui\HighlightPane.cpp ui\InfoPane.cpp ui\MainWindow.cpp ui\MessageFilterDialog.cpp ui\MessageFiltering.cpp ui\MessagesPane.cpp ui\PreferencesDialog.cpp ui\SearchResultsDialog.cpp ui\SetPropertiesDialog.cpp ui\SystemInfoDialog.cpp ui\custom_widgets\BalloonTip.cpp ui\custom_widgets\BrushPropertyWidget.cpp ui\custom_widgets\ColourButton.cpp ui\custom_widgets\FontPropertyWidget.cpp ui\custom_widgets\HexSpinBox.cpp ui\custom_widgets\MessageWidget.cpp ui\custom_widgets\ScrollPropertyWidget.cpp ui\custom_widgets\SearchCriteriaWidget.cpp ui\custom_widgets\SearchInputPane.cpp ui\custom_widgets\TreeItem.cpp ui\custom_widgets\WindowPicker.cpp ui\custom_widgets\WindowPropWidget.cpp ui\custom_widgets\WindowTree.cpp ui\property_pages\AbstractPropertyPage.cpp ui\property_pages\ComboBoxPropertyPage.cpp ui\property_pages\DateTimePickerPropertyPage.cpp ui\property_pages\EditPropertyPage.cpp ui\property_pages\GenericPropertyPage.cpp ui\property_pages\ListBoxPropertyPage.cpp ui\property_pages\ListViewPropertyPage.cpp ui\property_pages\ProgressBarPropertyPage.cpp ui\property_pages\PropertiesPane.cpp ui\property_pages\StatusBarPropertyPage.cpp ui\property_pages\TabPropertyPage.cpp ui\property_pages\WindowClassPropertyPage.cpp inspector\DynamicData.cpp inspector\MessageHandler.cpp inspector\Process.cpp inspector\RemoteFunctions.cpp inspector\SearchCriteria.cpp inspector\WindowManager.cpp inspector\WindowMessage.cpp inspector\WindowMisc.cpp inspector\ui_controls\Button.cpp inspector\ui_controls\ComboBox.cpp inspector\ui_controls\DateTimePicker.cpp inspector\ui_controls\Edit.cpp inspector\ui_controls\ListBox.cpp inspector\ui_controls\ListView.cpp inspector\ui_controls\ProgressBar.cpp inspector\ui_controls\StatusBar.cpp inspector\ui_controls\Tab.cpp inspector\ui_controls\Window.cpp
     1>cl : Command line warning D9025: overriding '/Zm1000' with '/Zm200'
         Window.cpp
     1>inspector\ui_controls\Window.cpp(500): warning C4189: 'lParam' : local variable is initialized but not referenced
         Tab.cpp
         StatusBar.cpp
         ProgressBar.cpp
         ListView.cpp
         ListBox.cpp
         Edit.cpp
         DateTimePicker.cpp
         ComboBox.cpp
         Button.cpp
         WindowMisc.cpp
         WindowMessage.cpp
         WindowManager.cpp
     1>inspector\WindowManager.cpp(486): warning C4100: 'window' : unreferenced formal parameter
         SearchCriteria.cpp
         RemoteFunctions.cpp
         Process.cpp
         MessageHandler.cpp
         DynamicData.cpp
         WindowClassPropertyPage.cpp
         TabPropertyPage.cpp
         Generating Code...
         Compiling...
         StatusBarPropertyPage.cpp
         PropertiesPane.cpp
         ProgressBarPropertyPage.cpp
         ListViewPropertyPage.cpp
         ListBoxPropertyPage.cpp
         GenericPropertyPage.cpp
         EditPropertyPage.cpp
         DateTimePickerPropertyPage.cpp
         ComboBoxPropertyPage.cpp
         AbstractPropertyPage.cpp
         WindowTree.cpp
         WindowPropWidget.cpp
         WindowPicker.cpp
     1>ui\custom_widgets\WindowPicker.cpp(89): warning C4100: 'eventType' : unreferenced formal parameter
         TreeItem.cpp
         SearchInputPane.cpp
         SearchCriteriaWidget.cpp
         ScrollPropertyWidget.cpp
         MessageWidget.cpp
     1>ui\custom_widgets\MessageWidget.cpp(200): warning C4100: 'msg' : unreferenced formal parameter
         HexSpinBox.cpp
         FontPropertyWidget.cpp
         Generating Code...
         Compiling...
         ColourButton.cpp
         BrushPropertyWidget.cpp
         BalloonTip.cpp
         SystemInfoDialog.cpp
         SetPropertiesDialog.cpp
         SearchResultsDialog.cpp
         PreferencesDialog.cpp
         MessagesPane.cpp
         MessageFiltering.cpp
     1>ui\MessageFiltering.cpp(48): warning C4100: 'role' : unreferenced formal parameter
     1>ui\MessageFiltering.cpp(48): warning C4100: 'orientation' : unreferenced formal parameter
     1>ui\MessageFiltering.cpp(48): warning C4100: 'section' : unreferenced formal parameter
     1>ui\MessageFiltering.cpp(52): warning C4100: 'index' : unreferenced formal parameter
         MessageFilterDialog.cpp
         MainWindow.cpp
         InfoPane.cpp
         HighlightPane.cpp
         FindDialog.cpp
         ActionManager.cpp
         AboutDialog.cpp
         StringFormatter.cpp
         Settings.cpp
         Resources.cpp
         QtHelpers.cpp
         Generating Code...
         Compiling...
         main.cpp
         Logger.cpp
         IniFile.cpp
         SystemMetricsPane.cpp
         SystemParametersPane.cpp
         SystemColoursPane.cpp
         SizeInputWidget.cpp
         moc_WindowTree.cpp
         moc_WindowPropWidget.cpp
         moc_WindowPicker.cpp
         moc_WindowManager.cpp
         moc_WindowClassPropertyPage.cpp
         moc_Window.cpp
         moc_TreeItem.cpp
         moc_TabPropertyPage.cpp
         moc_SystemParametersPane.cpp
         moc_SystemMetricsPane.cpp
         moc_SystemInfoDialog.cpp
         moc_SystemColoursPane.cpp
         moc_StatusBarPropertyPage.cpp
         Generating Code...
         Compiling...
         moc_SizeInputWidget.cpp
         moc_SetPropertiesDialog.cpp
         moc_SearchResultsDialog.cpp
         moc_SearchInputPane.cpp
         moc_SearchCriteriaWidget.cpp
         moc_ScrollPropertyWidget.cpp
         moc_ResizableDockContainer.cpp
         moc_PropertiesPane.cpp
         moc_ProgressBarPropertyPage.cpp
         moc_PreferencesDialog.cpp
         moc_MessageWidget.cpp
         moc_MessagesPane.cpp
         moc_MessageFiltering.cpp
         moc_MessageFilterDialog.cpp
         moc_MainWindow.cpp
         moc_ListViewPropertyPage.cpp
         moc_ListBoxPropertyPage.cpp
         moc_InfoPane.cpp
         moc_HighlightPane.cpp
         moc_HexSpinBox.cpp
         Generating Code...
         Compiling...
         moc_GenericPropertyPage.cpp
         moc_FontPropertyWidget.cpp
         moc_FindDialog.cpp
         moc_EditPropertyPage.cpp
         moc_DateTimePickerPropertyPage.cpp
         moc_ComboBoxPropertyPage.cpp
         moc_ColourButton.cpp
         moc_BrushPropertyWidget.cpp
         moc_BalloonTip.cpp
         moc_AbstractPropertyPage.cpp
         moc_AboutDialog.cpp
         Generating Code...
         C:\Program Files (x86)\Microsoft Visual Studio 11.0\VC\bin\CL.exe /c /I"C:\sahil\development\Window-Detective-3.5.1-src\src\\" /I"C:\Qt\qtx86_vs2012\mkspecs\win32-msvc2012" /IC:\Qt\qtx86_vs2012\include /IC:\Qt\qtx86_vs2012\include\QtCore /IC:\Qt\qtx86_vs2012\include\QtGui /IC:\Qt\qtx86_vs2012\include\QtWidgets /IC:\Qt\qtx86_vs2012\include\QtXml /I.\ui\forms /IDebug\moc /IDebug\rcc /Zi /nologo /W3 /WX- /Od /Oy- /D _WINDOWS /D UNICODE /D WIN32 /D QT_LARGEFILE_SUPPORT /D QT_DLL /D QT_GUI_LIB /D QT_CORE_LIB /D QT_THREAD_SUPPORT /D QT_WIDGETS_LIB /D QT_XML_LIB /Gm /EHsc /MDd /GS /fp:precise /Zc:wchar_t- /Zc:forScope /GR /Fo"C:\sahil\development\Window-Detective-3.5.1-src\src\\Debug\Win32\\" /Fd"C:\sahil\development\Window-Detective-3.5.1-src\src\\Debug\Win32\vc110.pdb" /Gd /TP /analyze- /errorReport:prompt -Zm200 -w34100 -w34189 -w34100 -w34189 Debug\rcc\qrc_qt_resources.cpp
     1>cl : Command line warning D9025: overriding '/Zm1000' with '/Zm200'
         qrc_qt_resources.cpp
       ResourceCompile:
         C:\Program Files (x86)\Windows Kits\8.0\bin\x86\rc.exe /D _WINDOWS /D UNICODE /D WIN32 /D QT_LARGEFILE_SUPPORT /D QT_DLL /D QT_GUI_LIB /D QT_CORE_LIB /D QT_THREAD_SUPPORT /D _DEBUG /l"0x0409" /nologo /fo"C:\sahil\development\Window-Detective-3.5.1-src\src\\Debug\Win32\win_resources.res" win_resources.rc 
       Link:
         C:\Program Files (x86)\Microsoft Visual Studio 11.0\VC\bin\link.exe /ERRORREPORT:PROMPT /OUT:"C:\sahil\development\Window-Detective-3.5.1-src\src\\Win32\Debug\Window Detective_Win32_Debug.exe" /NOLOGO /LIBPATH:C:\Qt\qtx86_vs2012\lib Psapi.lib qtmaind.lib Qt5Cored.lib Qt5Guid.lib Qt5Widgetsd.lib Qt5Xmld.lib kernel32.lib user32.lib gdi32.lib winspool.lib comdlg32.lib advapi32.lib shell32.lib ole32.lib oleaut32.lib uuid.lib odbc32.lib odbccp32.lib /MANIFEST /MANIFESTUAC:"level='asInvoker' uiAccess='false'" /manifest:embed /DEBUG /PDB:"C:\sahil\development\Window-Detective-3.5.1-src\src\Debug\Window Detective_Win32_Debug.pdb" /SUBSYSTEM:WINDOWS /TLBID:1 /DYNAMICBASE /NXCOMPAT /MACHINE:X86 /SAFESEH "/MANIFESTDEPENDENCY:type='win32' name='Microsoft.Windows.Common-Controls' version='6.0.0.0' publicKeyToken='6595b64144ccf1df' language='*' processorArchitecture='*'" "/MANIFESTDEPENDENCY:type='win32' name='Microsoft.Windows.Common-Controls' version='6.0.0.0' publicKeyToken='6595b64144ccf1df' language='*' processorArchitecture='*'" "C:\sahil\development\Window-Detective-3.5.1-src\src\\Debug\Win32\win_resources.res"
         "C:\sahil\development\Window-Detective-3.5.1-src\src\\Debug\Win32\moc_AboutDialog.obj"
         "C:\sahil\development\Window-Detective-3.5.1-src\src\\Debug\Win32\moc_AbstractPropertyPage.obj"
         "C:\sahil\development\Window-Detective-3.5.1-src\src\\Debug\Win32\moc_BalloonTip.obj"
         "C:\sahil\development\Window-Detective-3.5.1-src\src\\Debug\Win32\moc_BrushPropertyWidget.obj"
         "C:\sahil\development\Window-Detective-3.5.1-src\src\\Debug\Win32\moc_ColourButton.obj"
         "C:\sahil\development\Window-Detective-3.5.1-src\src\\Debug\Win32\moc_ComboBoxPropertyPage.obj"
         "C:\sahil\development\Window-Detective-3.5.1-src\src\\Debug\Win32\moc_DateTimePickerPropertyPage.obj"
         "C:\sahil\development\Window-Detective-3.5.1-src\src\\Debug\Win32\moc_EditPropertyPage.obj"
         "C:\sahil\development\Window-Detective-3.5.1-src\src\\Debug\Win32\moc_FindDialog.obj"
         "C:\sahil\development\Window-Detective-3.5.1-src\src\\Debug\Win32\moc_FontPropertyWidget.obj"
         "C:\sahil\development\Window-Detective-3.5.1-src\src\\Debug\Win32\moc_GenericPropertyPage.obj"
         "C:\sahil\development\Window-Detective-3.5.1-src\src\\Debug\Win32\moc_HexSpinBox.obj"
         "C:\sahil\development\Window-Detective-3.5.1-src\src\\Debug\Win32\moc_HighlightPane.obj"
         "C:\sahil\development\Window-Detective-3.5.1-src\src\\Debug\Win32\moc_InfoPane.obj"
         "C:\sahil\development\Window-Detective-3.5.1-src\src\\Debug\Win32\moc_ListBoxPropertyPage.obj"
         "C:\sahil\development\Window-Detective-3.5.1-src\src\\Debug\Win32\moc_ListViewPropertyPage.obj"
         "C:\sahil\development\Window-Detective-3.5.1-src\src\\Debug\Win32\moc_MainWindow.obj"
         "C:\sahil\development\Window-Detective-3.5.1-src\src\\Debug\Win32\moc_MessageFilterDialog.obj"
         "C:\sahil\development\Window-Detective-3.5.1-src\src\\Debug\Win32\moc_MessageFiltering.obj"
         "C:\sahil\development\Window-Detective-3.5.1-src\src\\Debug\Win32\moc_MessagesPane.obj"
         "C:\sahil\development\Window-Detective-3.5.1-src\src\\Debug\Win32\moc_MessageWidget.obj"
         "C:\sahil\development\Window-Detective-3.5.1-src\src\\Debug\Win32\moc_PreferencesDialog.obj"
         "C:\sahil\development\Window-Detective-3.5.1-src\src\\Debug\Win32\moc_ProgressBarPropertyPage.obj"
         "C:\sahil\development\Window-Detective-3.5.1-src\src\\Debug\Win32\moc_PropertiesPane.obj"
         "C:\sahil\development\Window-Detective-3.5.1-src\src\\Debug\Win32\moc_ResizableDockContainer.obj"
         "C:\sahil\development\Window-Detective-3.5.1-src\src\\Debug\Win32\moc_ScrollPropertyWidget.obj"
         "C:\sahil\development\Window-Detective-3.5.1-src\src\\Debug\Win32\moc_SearchCriteriaWidget.obj"
         "C:\sahil\development\Window-Detective-3.5.1-src\src\\Debug\Win32\moc_SearchInputPane.obj"
         "C:\sahil\development\Window-Detective-3.5.1-src\src\\Debug\Win32\moc_SearchResultsDialog.obj"
         "C:\sahil\development\Window-Detective-3.5.1-src\src\\Debug\Win32\moc_SetPropertiesDialog.obj"
         "C:\sahil\development\Window-Detective-3.5.1-src\src\\Debug\Win32\moc_SizeInputWidget.obj"
         "C:\sahil\development\Window-Detective-3.5.1-src\src\\Debug\Win32\moc_StatusBarPropertyPage.obj"
         "C:\sahil\development\Window-Detective-3.5.1-src\src\\Debug\Win32\moc_SystemColoursPane.obj"
         "C:\sahil\development\Window-Detective-3.5.1-src\src\\Debug\Win32\moc_SystemInfoDialog.obj"
         "C:\sahil\development\Window-Detective-3.5.1-src\src\\Debug\Win32\moc_SystemMetricsPane.obj"
         "C:\sahil\development\Window-Detective-3.5.1-src\src\\Debug\Win32\moc_SystemParametersPane.obj"
         "C:\sahil\development\Window-Detective-3.5.1-src\src\\Debug\Win32\moc_TabPropertyPage.obj"
         "C:\sahil\development\Window-Detective-3.5.1-src\src\\Debug\Win32\moc_TreeItem.obj"
         "C:\sahil\development\Window-Detective-3.5.1-src\src\\Debug\Win32\moc_Window.obj"
         "C:\sahil\development\Window-Detective-3.5.1-src\src\\Debug\Win32\moc_WindowClassPropertyPage.obj"
         "C:\sahil\development\Window-Detective-3.5.1-src\src\\Debug\Win32\moc_WindowManager.obj"
         "C:\sahil\development\Window-Detective-3.5.1-src\src\\Debug\Win32\moc_WindowPicker.obj"
         "C:\sahil\development\Window-Detective-3.5.1-src\src\\Debug\Win32\moc_WindowPropWidget.obj"
         "C:\sahil\development\Window-Detective-3.5.1-src\src\\Debug\Win32\moc_WindowTree.obj"
         "C:\sahil\development\Window-Detective-3.5.1-src\src\\Debug\Win32\qrc_qt_resources.obj"
         "C:\sahil\development\Window-Detective-3.5.1-src\src\\Debug\Win32\SizeInputWidget.obj"
         "C:\sahil\development\Window-Detective-3.5.1-src\src\\Debug\Win32\SystemColoursPane.obj"
         "C:\sahil\development\Window-Detective-3.5.1-src\src\\Debug\Win32\SystemParametersPane.obj"
         "C:\sahil\development\Window-Detective-3.5.1-src\src\\Debug\Win32\SystemMetricsPane.obj"
         "C:\sahil\development\Window-Detective-3.5.1-src\src\\Debug\Win32\IniFile.obj"
         "C:\sahil\development\Window-Detective-3.5.1-src\src\\Debug\Win32\Logger.obj"
         "C:\sahil\development\Window-Detective-3.5.1-src\src\\Debug\Win32\main.obj"
         "C:\sahil\development\Window-Detective-3.5.1-src\src\\Debug\Win32\QtHelpers.obj"
         "C:\sahil\development\Window-Detective-3.5.1-src\src\\Debug\Win32\Resources.obj"
         "C:\sahil\development\Window-Detective-3.5.1-src\src\\Debug\Win32\Settings.obj"
         "C:\sahil\development\Window-Detective-3.5.1-src\src\\Debug\Win32\StringFormatter.obj"
         "C:\sahil\development\Window-Detective-3.5.1-src\src\\Debug\Win32\AboutDialog.obj"
         "C:\sahil\development\Window-Detective-3.5.1-src\src\\Debug\Win32\ActionManager.obj"
         "C:\sahil\development\Window-Detective-3.5.1-src\src\\Debug\Win32\FindDialog.obj"
         "C:\sahil\development\Window-Detective-3.5.1-src\src\\Debug\Win32\HighlightPane.obj"
         "C:\sahil\development\Window-Detective-3.5.1-src\src\\Debug\Win32\InfoPane.obj"
         "C:\sahil\development\Window-Detective-3.5.1-src\src\\Debug\Win32\MainWindow.obj"
         "C:\sahil\development\Window-Detective-3.5.1-src\src\\Debug\Win32\MessageFilterDialog.obj"
         "C:\sahil\development\Window-Detective-3.5.1-src\src\\Debug\Win32\MessageFiltering.obj"
         "C:\sahil\development\Window-Detective-3.5.1-src\src\\Debug\Win32\MessagesPane.obj"
         "C:\sahil\development\Window-Detective-3.5.1-src\src\\Debug\Win32\PreferencesDialog.obj"
         "C:\sahil\development\Window-Detective-3.5.1-src\src\\Debug\Win32\SearchResultsDialog.obj"
         "C:\sahil\development\Window-Detective-3.5.1-src\src\\Debug\Win32\SetPropertiesDialog.obj"
         "C:\sahil\development\Window-Detective-3.5.1-src\src\\Debug\Win32\SystemInfoDialog.obj"
         "C:\sahil\development\Window-Detective-3.5.1-src\src\\Debug\Win32\BalloonTip.obj"
         "C:\sahil\development\Window-Detective-3.5.1-src\src\\Debug\Win32\BrushPropertyWidget.obj"
         "C:\sahil\development\Window-Detective-3.5.1-src\src\\Debug\Win32\ColourButton.obj"
         "C:\sahil\development\Window-Detective-3.5.1-src\src\\Debug\Win32\FontPropertyWidget.obj"
         "C:\sahil\development\Window-Detective-3.5.1-src\src\\Debug\Win32\HexSpinBox.obj"
         "C:\sahil\development\Window-Detective-3.5.1-src\src\\Debug\Win32\MessageWidget.obj"
         "C:\sahil\development\Window-Detective-3.5.1-src\src\\Debug\Win32\ScrollPropertyWidget.obj"
         "C:\sahil\development\Window-Detective-3.5.1-src\src\\Debug\Win32\SearchCriteriaWidget.obj"
         "C:\sahil\development\Window-Detective-3.5.1-src\src\\Debug\Win32\SearchInputPane.obj"
         "C:\sahil\development\Window-Detective-3.5.1-src\src\\Debug\Win32\TreeItem.obj"
         "C:\sahil\development\Window-Detective-3.5.1-src\src\\Debug\Win32\WindowPicker.obj"
         "C:\sahil\development\Window-Detective-3.5.1-src\src\\Debug\Win32\WindowPropWidget.obj"
         "C:\sahil\development\Window-Detective-3.5.1-src\src\\Debug\Win32\WindowTree.obj"
         "C:\sahil\development\Window-Detective-3.5.1-src\src\\Debug\Win32\AbstractPropertyPage.obj"
         "C:\sahil\development\Window-Detective-3.5.1-src\src\\Debug\Win32\ComboBoxPropertyPage.obj"
         "C:\sahil\development\Window-Detective-3.5.1-src\src\\Debug\Win32\DateTimePickerPropertyPage.obj"
         "C:\sahil\development\Window-Detective-3.5.1-src\src\\Debug\Win32\EditPropertyPage.obj"
         "C:\sahil\development\Window-Detective-3.5.1-src\src\\Debug\Win32\GenericPropertyPage.obj"
         "C:\sahil\development\Window-Detective-3.5.1-src\src\\Debug\Win32\ListBoxPropertyPage.obj"
         "C:\sahil\development\Window-Detective-3.5.1-src\src\\Debug\Win32\ListViewPropertyPage.obj"
         "C:\sahil\development\Window-Detective-3.5.1-src\src\\Debug\Win32\ProgressBarPropertyPage.obj"
         "C:\sahil\development\Window-Detective-3.5.1-src\src\\Debug\Win32\PropertiesPane.obj"
         "C:\sahil\development\Window-Detective-3.5.1-src\src\\Debug\Win32\StatusBarPropertyPage.obj"
         "C:\sahil\development\Window-Detective-3.5.1-src\src\\Debug\Win32\TabPropertyPage.obj"
         "C:\sahil\development\Window-Detective-3.5.1-src\src\\Debug\Win32\WindowClassPropertyPage.obj"
         "C:\sahil\development\Window-Detective-3.5.1-src\src\\Debug\Win32\DynamicData.obj"
         "C:\sahil\development\Window-Detective-3.5.1-src\src\\Debug\Win32\MessageHandler.obj"
         "C:\sahil\development\Window-Detective-3.5.1-src\src\\Debug\Win32\Process.obj"
         "C:\sahil\development\Window-Detective-3.5.1-src\src\\Debug\Win32\RemoteFunctions.obj"
         "C:\sahil\development\Window-Detective-3.5.1-src\src\\Debug\Win32\SearchCriteria.obj"
         "C:\sahil\development\Window-Detective-3.5.1-src\src\\Debug\Win32\WindowManager.obj"
         "C:\sahil\development\Window-Detective-3.5.1-src\src\\Debug\Win32\WindowMessage.obj"
         "C:\sahil\development\Window-Detective-3.5.1-src\src\\Debug\Win32\WindowMisc.obj"
         "C:\sahil\development\Window-Detective-3.5.1-src\src\\Debug\Win32\Button.obj"
         "C:\sahil\development\Window-Detective-3.5.1-src\src\\Debug\Win32\ComboBox.obj"
         "C:\sahil\development\Window-Detective-3.5.1-src\src\\Debug\Win32\DateTimePicker.obj"
         "C:\sahil\development\Window-Detective-3.5.1-src\src\\Debug\Win32\Edit.obj"
         "C:\sahil\development\Window-Detective-3.5.1-src\src\\Debug\Win32\ListBox.obj"
         "C:\sahil\development\Window-Detective-3.5.1-src\src\\Debug\Win32\ListView.obj"
         "C:\sahil\development\Window-Detective-3.5.1-src\src\\Debug\Win32\ProgressBar.obj"
         "C:\sahil\development\Window-Detective-3.5.1-src\src\\Debug\Win32\StatusBar.obj"
         "C:\sahil\development\Window-Detective-3.5.1-src\src\\Debug\Win32\Tab.obj"
         "C:\sahil\development\Window-Detective-3.5.1-src\src\\Debug\Win32\Window.obj"
         "C:\sahil\development\Window-Detective-3.5.1-src\src\Win32\Debug\WD_Hook_Win32_Debug.lib"
         Window Detective.vcxproj -> C:\sahil\development\Window-Detective-3.5.1-src\src\\Win32\Debug\Window Detective_Win32_Debug.exe
     1>Done Building Project "C:\sahil\development\Window-Detective-3.5.1-src\src\Window Detective.vcxproj" (Rebuild target(s)).

Build succeeded.

Time Elapsed 00:08:48.21
