C:\SAHIL\DEVELOPMENT\WINDOW-DETECTIVE-3.5.1-SRC\SRC\DEBUG\WIN32\TABPROPERTYPAGE.OBJ
C:\SAHIL\DEVELOPMENT\WINDOW-DETECTIVE-3.5.1-SRC\SRC\DEBUG\WIN32\WINDOWCLASSPROPERTYPAGE.OBJ
C:\SAHIL\DEVELOPMENT\WINDOW-DETECTIVE-3.5.1-SRC\SRC\DEBUG\WIN32\DYNAMICDATA.OBJ
C:\SAHIL\DEVELOPMENT\WINDOW-DETECTIVE-3.5.1-SRC\SRC\DEBUG\WIN32\MESSAGEHANDLER.OBJ
C:\SAHIL\DEVELOPMENT\WINDOW-DETECTIVE-3.5.1-SRC\SRC\DEBUG\WIN32\PROCESS.OBJ
C:\SAHIL\DEVELOPMENT\WINDOW-DETECTIVE-3.5.1-SRC\SRC\DEBUG\WIN32\REMOTEFUNCTIONS.OBJ
C:\SAHIL\DEVELOPMENT\WINDOW-DETECTIVE-3.5.1-SRC\SRC\DEBUG\WIN32\SEARCHCRITERIA.OBJ
C:\SAHIL\DEVELOPMENT\WINDOW-DETECTIVE-3.5.1-SRC\SRC\DEBUG\WIN32\WINDOWMANAGER.OBJ
C:\SAHIL\DEVELOPMENT\WINDOW-DETECTIVE-3.5.1-SRC\SRC\DEBUG\WIN32\WINDOWMESSAGE.OBJ
C:\SAHIL\DEVELOPMENT\WINDOW-DETECTIVE-3.5.1-SRC\SRC\DEBUG\WIN32\WINDOWMISC.OBJ
C:\SAHIL\DEVELOPMENT\WINDOW-DETECTIVE-3.5.1-SRC\SRC\DEBUG\WIN32\BUTTON.OBJ
C:\SAHIL\DEVELOPMENT\WINDOW-DETECTIVE-3.5.1-SRC\SRC\DEBUG\WIN32\COMBOBOX.OBJ
C:\SAHIL\DEVELOPMENT\WINDOW-DETECTIVE-3.5.1-SRC\SRC\DEBUG\WIN32\DATETIMEPICKER.OBJ
C:\SAHIL\DEVELOPMENT\WINDOW-DETECTIVE-3.5.1-SRC\SRC\DEBUG\WIN32\EDIT.OBJ
C:\SAHIL\DEVELOPMENT\WINDOW-DETECTIVE-3.5.1-SRC\SRC\DEBUG\WIN32\LISTBOX.OBJ
C:\SAHIL\DEVELOPMENT\WINDOW-DETECTIVE-3.5.1-SRC\SRC\DEBUG\WIN32\LISTVIEW.OBJ
C:\SAHIL\DEVELOPMENT\WINDOW-DETECTIVE-3.5.1-SRC\SRC\DEBUG\WIN32\PROGRESSBAR.OBJ
C:\SAHIL\DEVELOPMENT\WINDOW-DETECTIVE-3.5.1-SRC\SRC\DEBUG\WIN32\STATUSBAR.OBJ
C:\SAHIL\DEVELOPMENT\WINDOW-DETECTIVE-3.5.1-SRC\SRC\DEBUG\WIN32\TAB.OBJ
C:\SAHIL\DEVELOPMENT\WINDOW-DETECTIVE-3.5.1-SRC\SRC\DEBUG\WIN32\WINDOW.OBJ
C:\SAHIL\DEVELOPMENT\WINDOW-DETECTIVE-3.5.1-SRC\SRC\DEBUG\WIN32\FONTPROPERTYWIDGET.OBJ
C:\SAHIL\DEVELOPMENT\WINDOW-DETECTIVE-3.5.1-SRC\SRC\DEBUG\WIN32\HEXSPINBOX.OBJ
C:\SAHIL\DEVELOPMENT\WINDOW-DETECTIVE-3.5.1-SRC\SRC\DEBUG\WIN32\MESSAGEWIDGET.OBJ
C:\SAHIL\DEVELOPMENT\WINDOW-DETECTIVE-3.5.1-SRC\SRC\DEBUG\WIN32\SCROLLPROPERTYWIDGET.OBJ
C:\SAHIL\DEVELOPMENT\WINDOW-DETECTIVE-3.5.1-SRC\SRC\DEBUG\WIN32\SEARCHCRITERIAWIDGET.OBJ
C:\SAHIL\DEVELOPMENT\WINDOW-DETECTIVE-3.5.1-SRC\SRC\DEBUG\WIN32\SEARCHINPUTPANE.OBJ
C:\SAHIL\DEVELOPMENT\WINDOW-DETECTIVE-3.5.1-SRC\SRC\DEBUG\WIN32\TREEITEM.OBJ
C:\SAHIL\DEVELOPMENT\WINDOW-DETECTIVE-3.5.1-SRC\SRC\DEBUG\WIN32\WINDOWPICKER.OBJ
C:\SAHIL\DEVELOPMENT\WINDOW-DETECTIVE-3.5.1-SRC\SRC\DEBUG\WIN32\WINDOWPROPWIDGET.OBJ
C:\SAHIL\DEVELOPMENT\WINDOW-DETECTIVE-3.5.1-SRC\SRC\DEBUG\WIN32\WINDOWTREE.OBJ
C:\SAHIL\DEVELOPMENT\WINDOW-DETECTIVE-3.5.1-SRC\SRC\DEBUG\WIN32\ABSTRACTPROPERTYPAGE.OBJ
C:\SAHIL\DEVELOPMENT\WINDOW-DETECTIVE-3.5.1-SRC\SRC\DEBUG\WIN32\COMBOBOXPROPERTYPAGE.OBJ
C:\SAHIL\DEVELOPMENT\WINDOW-DETECTIVE-3.5.1-SRC\SRC\DEBUG\WIN32\DATETIMEPICKERPROPERTYPAGE.OBJ
C:\SAHIL\DEVELOPMENT\WINDOW-DETECTIVE-3.5.1-SRC\SRC\DEBUG\WIN32\EDITPROPERTYPAGE.OBJ
C:\SAHIL\DEVELOPMENT\WINDOW-DETECTIVE-3.5.1-SRC\SRC\DEBUG\WIN32\GENERICPROPERTYPAGE.OBJ
C:\SAHIL\DEVELOPMENT\WINDOW-DETECTIVE-3.5.1-SRC\SRC\DEBUG\WIN32\LISTBOXPROPERTYPAGE.OBJ
C:\SAHIL\DEVELOPMENT\WINDOW-DETECTIVE-3.5.1-SRC\SRC\DEBUG\WIN32\LISTVIEWPROPERTYPAGE.OBJ
C:\SAHIL\DEVELOPMENT\WINDOW-DETECTIVE-3.5.1-SRC\SRC\DEBUG\WIN32\PROGRESSBARPROPERTYPAGE.OBJ
C:\SAHIL\DEVELOPMENT\WINDOW-DETECTIVE-3.5.1-SRC\SRC\DEBUG\WIN32\PROPERTIESPANE.OBJ
C:\SAHIL\DEVELOPMENT\WINDOW-DETECTIVE-3.5.1-SRC\SRC\DEBUG\WIN32\STATUSBARPROPERTYPAGE.OBJ
C:\SAHIL\DEVELOPMENT\WINDOW-DETECTIVE-3.5.1-SRC\SRC\DEBUG\WIN32\QTHELPERS.OBJ
C:\SAHIL\DEVELOPMENT\WINDOW-DETECTIVE-3.5.1-SRC\SRC\DEBUG\WIN32\RESOURCES.OBJ
C:\SAHIL\DEVELOPMENT\WINDOW-DETECTIVE-3.5.1-SRC\SRC\DEBUG\WIN32\SETTINGS.OBJ
C:\SAHIL\DEVELOPMENT\WINDOW-DETECTIVE-3.5.1-SRC\SRC\DEBUG\WIN32\STRINGFORMATTER.OBJ
C:\SAHIL\DEVELOPMENT\WINDOW-DETECTIVE-3.5.1-SRC\SRC\DEBUG\WIN32\ABOUTDIALOG.OBJ
C:\SAHIL\DEVELOPMENT\WINDOW-DETECTIVE-3.5.1-SRC\SRC\DEBUG\WIN32\ACTIONMANAGER.OBJ
C:\SAHIL\DEVELOPMENT\WINDOW-DETECTIVE-3.5.1-SRC\SRC\DEBUG\WIN32\FINDDIALOG.OBJ
C:\SAHIL\DEVELOPMENT\WINDOW-DETECTIVE-3.5.1-SRC\SRC\DEBUG\WIN32\HIGHLIGHTPANE.OBJ
C:\SAHIL\DEVELOPMENT\WINDOW-DETECTIVE-3.5.1-SRC\SRC\DEBUG\WIN32\INFOPANE.OBJ
C:\SAHIL\DEVELOPMENT\WINDOW-DETECTIVE-3.5.1-SRC\SRC\DEBUG\WIN32\MAINWINDOW.OBJ
C:\SAHIL\DEVELOPMENT\WINDOW-DETECTIVE-3.5.1-SRC\SRC\DEBUG\WIN32\MESSAGEFILTERDIALOG.OBJ
C:\SAHIL\DEVELOPMENT\WINDOW-DETECTIVE-3.5.1-SRC\SRC\DEBUG\WIN32\MESSAGEFILTERING.OBJ
C:\SAHIL\DEVELOPMENT\WINDOW-DETECTIVE-3.5.1-SRC\SRC\DEBUG\WIN32\MESSAGESPANE.OBJ
C:\SAHIL\DEVELOPMENT\WINDOW-DETECTIVE-3.5.1-SRC\SRC\DEBUG\WIN32\PREFERENCESDIALOG.OBJ
C:\SAHIL\DEVELOPMENT\WINDOW-DETECTIVE-3.5.1-SRC\SRC\DEBUG\WIN32\SEARCHRESULTSDIALOG.OBJ
C:\SAHIL\DEVELOPMENT\WINDOW-DETECTIVE-3.5.1-SRC\SRC\DEBUG\WIN32\SETPROPERTIESDIALOG.OBJ
C:\SAHIL\DEVELOPMENT\WINDOW-DETECTIVE-3.5.1-SRC\SRC\DEBUG\WIN32\SYSTEMINFODIALOG.OBJ
C:\SAHIL\DEVELOPMENT\WINDOW-DETECTIVE-3.5.1-SRC\SRC\DEBUG\WIN32\BALLOONTIP.OBJ
C:\SAHIL\DEVELOPMENT\WINDOW-DETECTIVE-3.5.1-SRC\SRC\DEBUG\WIN32\BRUSHPROPERTYWIDGET.OBJ
C:\SAHIL\DEVELOPMENT\WINDOW-DETECTIVE-3.5.1-SRC\SRC\DEBUG\WIN32\COLOURBUTTON.OBJ
C:\SAHIL\DEVELOPMENT\WINDOW-DETECTIVE-3.5.1-SRC\SRC\DEBUG\WIN32\MOC_STATUSBARPROPERTYPAGE.OBJ
C:\SAHIL\DEVELOPMENT\WINDOW-DETECTIVE-3.5.1-SRC\SRC\DEBUG\WIN32\MOC_SYSTEMCOLOURSPANE.OBJ
C:\SAHIL\DEVELOPMENT\WINDOW-DETECTIVE-3.5.1-SRC\SRC\DEBUG\WIN32\MOC_SYSTEMINFODIALOG.OBJ
C:\SAHIL\DEVELOPMENT\WINDOW-DETECTIVE-3.5.1-SRC\SRC\DEBUG\WIN32\MOC_SYSTEMMETRICSPANE.OBJ
C:\SAHIL\DEVELOPMENT\WINDOW-DETECTIVE-3.5.1-SRC\SRC\DEBUG\WIN32\MOC_SYSTEMPARAMETERSPANE.OBJ
C:\SAHIL\DEVELOPMENT\WINDOW-DETECTIVE-3.5.1-SRC\SRC\DEBUG\WIN32\MOC_TABPROPERTYPAGE.OBJ
C:\SAHIL\DEVELOPMENT\WINDOW-DETECTIVE-3.5.1-SRC\SRC\DEBUG\WIN32\MOC_TREEITEM.OBJ
C:\SAHIL\DEVELOPMENT\WINDOW-DETECTIVE-3.5.1-SRC\SRC\DEBUG\WIN32\MOC_WINDOW.OBJ
C:\SAHIL\DEVELOPMENT\WINDOW-DETECTIVE-3.5.1-SRC\SRC\DEBUG\WIN32\MOC_WINDOWCLASSPROPERTYPAGE.OBJ
C:\SAHIL\DEVELOPMENT\WINDOW-DETECTIVE-3.5.1-SRC\SRC\DEBUG\WIN32\MOC_WINDOWMANAGER.OBJ
C:\SAHIL\DEVELOPMENT\WINDOW-DETECTIVE-3.5.1-SRC\SRC\DEBUG\WIN32\MOC_WINDOWPICKER.OBJ
C:\SAHIL\DEVELOPMENT\WINDOW-DETECTIVE-3.5.1-SRC\SRC\DEBUG\WIN32\MOC_WINDOWPROPWIDGET.OBJ
C:\SAHIL\DEVELOPMENT\WINDOW-DETECTIVE-3.5.1-SRC\SRC\DEBUG\WIN32\MOC_WINDOWTREE.OBJ
C:\SAHIL\DEVELOPMENT\WINDOW-DETECTIVE-3.5.1-SRC\SRC\DEBUG\WIN32\SIZEINPUTWIDGET.OBJ
C:\SAHIL\DEVELOPMENT\WINDOW-DETECTIVE-3.5.1-SRC\SRC\DEBUG\WIN32\SYSTEMCOLOURSPANE.OBJ
C:\SAHIL\DEVELOPMENT\WINDOW-DETECTIVE-3.5.1-SRC\SRC\DEBUG\WIN32\SYSTEMPARAMETERSPANE.OBJ
C:\SAHIL\DEVELOPMENT\WINDOW-DETECTIVE-3.5.1-SRC\SRC\DEBUG\WIN32\SYSTEMMETRICSPANE.OBJ
C:\SAHIL\DEVELOPMENT\WINDOW-DETECTIVE-3.5.1-SRC\SRC\DEBUG\WIN32\INIFILE.OBJ
C:\SAHIL\DEVELOPMENT\WINDOW-DETECTIVE-3.5.1-SRC\SRC\DEBUG\WIN32\LOGGER.OBJ
C:\SAHIL\DEVELOPMENT\WINDOW-DETECTIVE-3.5.1-SRC\SRC\DEBUG\WIN32\MAIN.OBJ
C:\SAHIL\DEVELOPMENT\WINDOW-DETECTIVE-3.5.1-SRC\SRC\DEBUG\WIN32\MOC_HEXSPINBOX.OBJ
C:\SAHIL\DEVELOPMENT\WINDOW-DETECTIVE-3.5.1-SRC\SRC\DEBUG\WIN32\MOC_HIGHLIGHTPANE.OBJ
C:\SAHIL\DEVELOPMENT\WINDOW-DETECTIVE-3.5.1-SRC\SRC\DEBUG\WIN32\MOC_INFOPANE.OBJ
C:\SAHIL\DEVELOPMENT\WINDOW-DETECTIVE-3.5.1-SRC\SRC\DEBUG\WIN32\MOC_LISTBOXPROPERTYPAGE.OBJ
C:\SAHIL\DEVELOPMENT\WINDOW-DETECTIVE-3.5.1-SRC\SRC\DEBUG\WIN32\MOC_LISTVIEWPROPERTYPAGE.OBJ
C:\SAHIL\DEVELOPMENT\WINDOW-DETECTIVE-3.5.1-SRC\SRC\DEBUG\WIN32\MOC_MAINWINDOW.OBJ
C:\SAHIL\DEVELOPMENT\WINDOW-DETECTIVE-3.5.1-SRC\SRC\DEBUG\WIN32\MOC_MESSAGEFILTERDIALOG.OBJ
C:\SAHIL\DEVELOPMENT\WINDOW-DETECTIVE-3.5.1-SRC\SRC\DEBUG\WIN32\MOC_MESSAGEFILTERING.OBJ
C:\SAHIL\DEVELOPMENT\WINDOW-DETECTIVE-3.5.1-SRC\SRC\DEBUG\WIN32\MOC_MESSAGESPANE.OBJ
C:\SAHIL\DEVELOPMENT\WINDOW-DETECTIVE-3.5.1-SRC\SRC\DEBUG\WIN32\MOC_MESSAGEWIDGET.OBJ
C:\SAHIL\DEVELOPMENT\WINDOW-DETECTIVE-3.5.1-SRC\SRC\DEBUG\WIN32\MOC_PREFERENCESDIALOG.OBJ
C:\SAHIL\DEVELOPMENT\WINDOW-DETECTIVE-3.5.1-SRC\SRC\DEBUG\WIN32\MOC_PROGRESSBARPROPERTYPAGE.OBJ
C:\SAHIL\DEVELOPMENT\WINDOW-DETECTIVE-3.5.1-SRC\SRC\DEBUG\WIN32\MOC_PROPERTIESPANE.OBJ
C:\SAHIL\DEVELOPMENT\WINDOW-DETECTIVE-3.5.1-SRC\SRC\DEBUG\WIN32\MOC_RESIZABLEDOCKCONTAINER.OBJ
C:\SAHIL\DEVELOPMENT\WINDOW-DETECTIVE-3.5.1-SRC\SRC\DEBUG\WIN32\MOC_SCROLLPROPERTYWIDGET.OBJ
C:\SAHIL\DEVELOPMENT\WINDOW-DETECTIVE-3.5.1-SRC\SRC\DEBUG\WIN32\MOC_SEARCHCRITERIAWIDGET.OBJ
C:\SAHIL\DEVELOPMENT\WINDOW-DETECTIVE-3.5.1-SRC\SRC\DEBUG\WIN32\MOC_SEARCHINPUTPANE.OBJ
C:\SAHIL\DEVELOPMENT\WINDOW-DETECTIVE-3.5.1-SRC\SRC\DEBUG\WIN32\MOC_SEARCHRESULTSDIALOG.OBJ
C:\SAHIL\DEVELOPMENT\WINDOW-DETECTIVE-3.5.1-SRC\SRC\DEBUG\WIN32\MOC_SETPROPERTIESDIALOG.OBJ
C:\SAHIL\DEVELOPMENT\WINDOW-DETECTIVE-3.5.1-SRC\SRC\DEBUG\WIN32\MOC_SIZEINPUTWIDGET.OBJ
C:\SAHIL\DEVELOPMENT\WINDOW-DETECTIVE-3.5.1-SRC\SRC\DEBUG\WIN32\MOC_ABOUTDIALOG.OBJ
C:\SAHIL\DEVELOPMENT\WINDOW-DETECTIVE-3.5.1-SRC\SRC\DEBUG\WIN32\MOC_ABSTRACTPROPERTYPAGE.OBJ
C:\SAHIL\DEVELOPMENT\WINDOW-DETECTIVE-3.5.1-SRC\SRC\DEBUG\WIN32\MOC_BALLOONTIP.OBJ
C:\SAHIL\DEVELOPMENT\WINDOW-DETECTIVE-3.5.1-SRC\SRC\DEBUG\WIN32\MOC_BRUSHPROPERTYWIDGET.OBJ
C:\SAHIL\DEVELOPMENT\WINDOW-DETECTIVE-3.5.1-SRC\SRC\DEBUG\WIN32\MOC_COLOURBUTTON.OBJ
C:\SAHIL\DEVELOPMENT\WINDOW-DETECTIVE-3.5.1-SRC\SRC\DEBUG\WIN32\MOC_COMBOBOXPROPERTYPAGE.OBJ
C:\SAHIL\DEVELOPMENT\WINDOW-DETECTIVE-3.5.1-SRC\SRC\DEBUG\WIN32\MOC_DATETIMEPICKERPROPERTYPAGE.OBJ
C:\SAHIL\DEVELOPMENT\WINDOW-DETECTIVE-3.5.1-SRC\SRC\DEBUG\WIN32\MOC_EDITPROPERTYPAGE.OBJ
C:\SAHIL\DEVELOPMENT\WINDOW-DETECTIVE-3.5.1-SRC\SRC\DEBUG\WIN32\MOC_FINDDIALOG.OBJ
C:\SAHIL\DEVELOPMENT\WINDOW-DETECTIVE-3.5.1-SRC\SRC\DEBUG\WIN32\MOC_FONTPROPERTYWIDGET.OBJ
C:\SAHIL\DEVELOPMENT\WINDOW-DETECTIVE-3.5.1-SRC\SRC\DEBUG\WIN32\MOC_GENERICPROPERTYPAGE.OBJ
C:\SAHIL\DEVELOPMENT\WINDOW-DETECTIVE-3.5.1-SRC\SRC\DEBUG\WIN32\VC110.PDB
C:\SAHIL\DEVELOPMENT\WINDOW-DETECTIVE-3.5.1-SRC\SRC\DEBUG\WIN32\QRC_QT_RESOURCES.OBJ
C:\SAHIL\DEVELOPMENT\WINDOW-DETECTIVE-3.5.1-SRC\SRC\DEBUG\MOC\MOC_RESIZABLEDOCKCONTAINER.CPP
C:\SAHIL\DEVELOPMENT\WINDOW-DETECTIVE-3.5.1-SRC\SRC\DEBUG\MOC\MOC_SIZEINPUTWIDGET.CPP
C:\SAHIL\DEVELOPMENT\WINDOW-DETECTIVE-3.5.1-SRC\SRC\DEBUG\MOC\MOC_SYSTEMCOLOURSPANE.CPP
C:\SAHIL\DEVELOPMENT\WINDOW-DETECTIVE-3.5.1-SRC\SRC\DEBUG\MOC\MOC_SYSTEMPARAMETERSPANE.CPP
C:\SAHIL\DEVELOPMENT\WINDOW-DETECTIVE-3.5.1-SRC\SRC\DEBUG\MOC\MOC_SYSTEMMETRICSPANE.CPP
C:\SAHIL\DEVELOPMENT\WINDOW-DETECTIVE-3.5.1-SRC\SRC\DEBUG\MOC\MOC_ABOUTDIALOG.CPP
C:\SAHIL\DEVELOPMENT\WINDOW-DETECTIVE-3.5.1-SRC\SRC\DEBUG\MOC\MOC_FINDDIALOG.CPP
C:\SAHIL\DEVELOPMENT\WINDOW-DETECTIVE-3.5.1-SRC\SRC\DEBUG\MOC\MOC_HIGHLIGHTPANE.CPP
C:\SAHIL\DEVELOPMENT\WINDOW-DETECTIVE-3.5.1-SRC\SRC\DEBUG\MOC\MOC_INFOPANE.CPP
C:\SAHIL\DEVELOPMENT\WINDOW-DETECTIVE-3.5.1-SRC\SRC\DEBUG\MOC\MOC_MAINWINDOW.CPP
C:\SAHIL\DEVELOPMENT\WINDOW-DETECTIVE-3.5.1-SRC\SRC\DEBUG\MOC\MOC_MESSAGEFILTERDIALOG.CPP
C:\SAHIL\DEVELOPMENT\WINDOW-DETECTIVE-3.5.1-SRC\SRC\DEBUG\MOC\MOC_MESSAGEFILTERING.CPP
C:\SAHIL\DEVELOPMENT\WINDOW-DETECTIVE-3.5.1-SRC\SRC\DEBUG\MOC\MOC_MESSAGESPANE.CPP
C:\SAHIL\DEVELOPMENT\WINDOW-DETECTIVE-3.5.1-SRC\SRC\DEBUG\MOC\MOC_PREFERENCESDIALOG.CPP
C:\SAHIL\DEVELOPMENT\WINDOW-DETECTIVE-3.5.1-SRC\SRC\DEBUG\MOC\MOC_SEARCHRESULTSDIALOG.CPP
C:\SAHIL\DEVELOPMENT\WINDOW-DETECTIVE-3.5.1-SRC\SRC\DEBUG\MOC\MOC_SETPROPERTIESDIALOG.CPP
C:\SAHIL\DEVELOPMENT\WINDOW-DETECTIVE-3.5.1-SRC\SRC\DEBUG\MOC\MOC_SYSTEMINFODIALOG.CPP
C:\SAHIL\DEVELOPMENT\WINDOW-DETECTIVE-3.5.1-SRC\SRC\DEBUG\MOC\MOC_BALLOONTIP.CPP
C:\SAHIL\DEVELOPMENT\WINDOW-DETECTIVE-3.5.1-SRC\SRC\DEBUG\MOC\MOC_BRUSHPROPERTYWIDGET.CPP
C:\SAHIL\DEVELOPMENT\WINDOW-DETECTIVE-3.5.1-SRC\SRC\DEBUG\MOC\MOC_COLOURBUTTON.CPP
C:\SAHIL\DEVELOPMENT\WINDOW-DETECTIVE-3.5.1-SRC\SRC\DEBUG\MOC\MOC_FONTPROPERTYWIDGET.CPP
C:\SAHIL\DEVELOPMENT\WINDOW-DETECTIVE-3.5.1-SRC\SRC\DEBUG\MOC\MOC_HEXSPINBOX.CPP
C:\SAHIL\DEVELOPMENT\WINDOW-DETECTIVE-3.5.1-SRC\SRC\DEBUG\MOC\MOC_MESSAGEWIDGET.CPP
C:\SAHIL\DEVELOPMENT\WINDOW-DETECTIVE-3.5.1-SRC\SRC\DEBUG\MOC\MOC_SEARCHCRITERIAWIDGET.CPP
C:\SAHIL\DEVELOPMENT\WINDOW-DETECTIVE-3.5.1-SRC\SRC\DEBUG\MOC\MOC_SEARCHINPUTPANE.CPP
C:\SAHIL\DEVELOPMENT\WINDOW-DETECTIVE-3.5.1-SRC\SRC\DEBUG\MOC\MOC_TREEITEM.CPP
C:\SAHIL\DEVELOPMENT\WINDOW-DETECTIVE-3.5.1-SRC\SRC\DEBUG\MOC\MOC_WINDOWPICKER.CPP
C:\SAHIL\DEVELOPMENT\WINDOW-DETECTIVE-3.5.1-SRC\SRC\DEBUG\MOC\MOC_WINDOWPROPWIDGET.CPP
C:\SAHIL\DEVELOPMENT\WINDOW-DETECTIVE-3.5.1-SRC\SRC\DEBUG\MOC\MOC_WINDOWTREE.CPP
C:\SAHIL\DEVELOPMENT\WINDOW-DETECTIVE-3.5.1-SRC\SRC\DEBUG\MOC\MOC_ABSTRACTPROPERTYPAGE.CPP
C:\SAHIL\DEVELOPMENT\WINDOW-DETECTIVE-3.5.1-SRC\SRC\DEBUG\MOC\MOC_COMBOBOXPROPERTYPAGE.CPP
C:\SAHIL\DEVELOPMENT\WINDOW-DETECTIVE-3.5.1-SRC\SRC\DEBUG\MOC\MOC_DATETIMEPICKERPROPERTYPAGE.CPP
C:\SAHIL\DEVELOPMENT\WINDOW-DETECTIVE-3.5.1-SRC\SRC\DEBUG\MOC\MOC_EDITPROPERTYPAGE.CPP
C:\SAHIL\DEVELOPMENT\WINDOW-DETECTIVE-3.5.1-SRC\SRC\DEBUG\MOC\MOC_GENERICPROPERTYPAGE.CPP
C:\SAHIL\DEVELOPMENT\WINDOW-DETECTIVE-3.5.1-SRC\SRC\DEBUG\MOC\MOC_LISTBOXPROPERTYPAGE.CPP
C:\SAHIL\DEVELOPMENT\WINDOW-DETECTIVE-3.5.1-SRC\SRC\DEBUG\MOC\MOC_LISTVIEWPROPERTYPAGE.CPP
C:\SAHIL\DEVELOPMENT\WINDOW-DETECTIVE-3.5.1-SRC\SRC\DEBUG\MOC\MOC_PROGRESSBARPROPERTYPAGE.CPP
C:\SAHIL\DEVELOPMENT\WINDOW-DETECTIVE-3.5.1-SRC\SRC\DEBUG\MOC\MOC_PROPERTIESPANE.CPP
C:\SAHIL\DEVELOPMENT\WINDOW-DETECTIVE-3.5.1-SRC\SRC\DEBUG\MOC\MOC_SCROLLPROPERTYWIDGET.CPP
C:\SAHIL\DEVELOPMENT\WINDOW-DETECTIVE-3.5.1-SRC\SRC\DEBUG\MOC\MOC_STATUSBARPROPERTYPAGE.CPP
C:\SAHIL\DEVELOPMENT\WINDOW-DETECTIVE-3.5.1-SRC\SRC\DEBUG\MOC\MOC_TABPROPERTYPAGE.CPP
C:\SAHIL\DEVELOPMENT\WINDOW-DETECTIVE-3.5.1-SRC\SRC\DEBUG\MOC\MOC_WINDOWCLASSPROPERTYPAGE.CPP
C:\SAHIL\DEVELOPMENT\WINDOW-DETECTIVE-3.5.1-SRC\SRC\DEBUG\MOC\MOC_WINDOWMANAGER.CPP
C:\SAHIL\DEVELOPMENT\WINDOW-DETECTIVE-3.5.1-SRC\SRC\DEBUG\MOC\MOC_WINDOW.CPP
C:\SAHIL\DEVELOPMENT\WINDOW-DETECTIVE-3.5.1-SRC\SRC\UI\FORMS\UI_FINDDIALOG.H
C:\SAHIL\DEVELOPMENT\WINDOW-DETECTIVE-3.5.1-SRC\SRC\UI\FORMS\UI_MAINWINDOW.H
C:\SAHIL\DEVELOPMENT\WINDOW-DETECTIVE-3.5.1-SRC\SRC\UI\FORMS\UI_MESSAGEFILTERDIALOG.H
C:\SAHIL\DEVELOPMENT\WINDOW-DETECTIVE-3.5.1-SRC\SRC\UI\FORMS\UI_MESSAGESPANE.H
C:\SAHIL\DEVELOPMENT\WINDOW-DETECTIVE-3.5.1-SRC\SRC\UI\FORMS\UI_PREFERENCESDIALOG.H
C:\SAHIL\DEVELOPMENT\WINDOW-DETECTIVE-3.5.1-SRC\SRC\UI\FORMS\UI_PROPERTIESPANE.H
C:\SAHIL\DEVELOPMENT\WINDOW-DETECTIVE-3.5.1-SRC\SRC\UI\FORMS\UI_SEARCHRESULTSDIALOG.H
C:\SAHIL\DEVELOPMENT\WINDOW-DETECTIVE-3.5.1-SRC\SRC\UI\FORMS\UI_SETPROPERTIESDIALOG.H
C:\SAHIL\DEVELOPMENT\WINDOW-DETECTIVE-3.5.1-SRC\SRC\UI\FORMS\UI_SYSTEMINFODIALOG.H
C:\SAHIL\DEVELOPMENT\WINDOW-DETECTIVE-3.5.1-SRC\SRC\DEBUG\RCC\QRC_QT_RESOURCES.CPP
C:\SAHIL\DEVELOPMENT\WINDOW-DETECTIVE-3.5.1-SRC\SRC\UI\FORMS\UI_SYSTEMMETRICSPANE.H
C:\SAHIL\DEVELOPMENT\WINDOW-DETECTIVE-3.5.1-SRC\SRC\UI\FORMS\UI_SYSTEMCOLOURSPANE.H
C:\SAHIL\DEVELOPMENT\WINDOW-DETECTIVE-3.5.1-SRC\SRC\UI\FORMS\UI_SYSTEMPARAMETERSPANE.H
C:\SAHIL\DEVELOPMENT\WINDOW-DETECTIVE-3.5.1-SRC\WINDOW DETECTIVE_WIN32.ILK
C:\SAHIL\DEVELOPMENT\WINDOW-DETECTIVE-3.5.1-SRC\WINDOW DETECTIVE_WIN32.EXE
C:\SAHIL\DEVELOPMENT\WINDOW-DETECTIVE-3.5.1-SRC\SRC\DEBUG\WINDOW DETECTIVE_WIN32.PDB
C:\SAHIL\DEVELOPMENT\WINDOW-DETECTIVE-3.5.1-SRC\SRC\DEBUG\WIN32\WIN_RESOURCES.RES
C:\sahil\development\Window-Detective-3.5.1-src\src\Debug\Win32\AboutDialog.obj
C:\sahil\development\Window-Detective-3.5.1-src\src\Debug\Win32\AbstractPropertyPage.obj
C:\sahil\development\Window-Detective-3.5.1-src\src\Debug\Win32\ActionManager.obj
C:\sahil\development\Window-Detective-3.5.1-src\src\Debug\Win32\BalloonTip.obj
C:\sahil\development\Window-Detective-3.5.1-src\src\Debug\Win32\BrushPropertyWidget.obj
C:\sahil\development\Window-Detective-3.5.1-src\src\Debug\Win32\Button.obj
C:\sahil\development\Window-Detective-3.5.1-src\src\Debug\Win32\ColourButton.obj
C:\sahil\development\Window-Detective-3.5.1-src\src\Debug\Win32\ComboBox.obj
C:\sahil\development\Window-Detective-3.5.1-src\src\Debug\Win32\ComboBoxPropertyPage.obj
C:\sahil\development\Window-Detective-3.5.1-src\src\Debug\Win32\DateTimePicker.obj
C:\sahil\development\Window-Detective-3.5.1-src\src\Debug\Win32\DateTimePickerPropertyPage.obj
C:\sahil\development\Window-Detective-3.5.1-src\src\Debug\Win32\DynamicData.obj
C:\sahil\development\Window-Detective-3.5.1-src\src\Debug\Win32\Edit.obj
C:\sahil\development\Window-Detective-3.5.1-src\src\Debug\Win32\EditPropertyPage.obj
C:\sahil\development\Window-Detective-3.5.1-src\src\Debug\Win32\FindDialog.obj
C:\sahil\development\Window-Detective-3.5.1-src\src\Debug\Win32\FontPropertyWidget.obj
C:\sahil\development\Window-Detective-3.5.1-src\src\Debug\Win32\GenericPropertyPage.obj
C:\sahil\development\Window-Detective-3.5.1-src\src\Debug\Win32\HexSpinBox.obj
C:\sahil\development\Window-Detective-3.5.1-src\src\Debug\Win32\HighlightPane.obj
C:\sahil\development\Window-Detective-3.5.1-src\src\Debug\Win32\InfoPane.obj
C:\sahil\development\Window-Detective-3.5.1-src\src\Debug\Win32\IniFile.obj
C:\sahil\development\Window-Detective-3.5.1-src\src\Debug\Win32\ListBox.obj
C:\sahil\development\Window-Detective-3.5.1-src\src\Debug\Win32\ListBoxPropertyPage.obj
C:\sahil\development\Window-Detective-3.5.1-src\src\Debug\Win32\ListView.obj
C:\sahil\development\Window-Detective-3.5.1-src\src\Debug\Win32\ListViewPropertyPage.obj
C:\sahil\development\Window-Detective-3.5.1-src\src\Debug\Win32\Logger.obj
C:\sahil\development\Window-Detective-3.5.1-src\src\Debug\Win32\main.obj
C:\sahil\development\Window-Detective-3.5.1-src\src\Debug\Win32\MainWindow.obj
C:\sahil\development\Window-Detective-3.5.1-src\src\Debug\Win32\MessageFilterDialog.obj
C:\sahil\development\Window-Detective-3.5.1-src\src\Debug\Win32\MessageFiltering.obj
C:\sahil\development\Window-Detective-3.5.1-src\src\Debug\Win32\MessageHandler.obj
C:\sahil\development\Window-Detective-3.5.1-src\src\Debug\Win32\MessagesPane.obj
C:\sahil\development\Window-Detective-3.5.1-src\src\Debug\Win32\MessageWidget.obj
C:\sahil\development\Window-Detective-3.5.1-src\src\Debug\Win32\moc_AboutDialog.obj
C:\sahil\development\Window-Detective-3.5.1-src\src\Debug\Win32\moc_AbstractPropertyPage.obj
C:\sahil\development\Window-Detective-3.5.1-src\src\Debug\Win32\moc_BalloonTip.obj
C:\sahil\development\Window-Detective-3.5.1-src\src\Debug\Win32\moc_BrushPropertyWidget.obj
C:\sahil\development\Window-Detective-3.5.1-src\src\Debug\Win32\moc_ColourButton.obj
C:\sahil\development\Window-Detective-3.5.1-src\src\Debug\Win32\moc_ComboBoxPropertyPage.obj
C:\sahil\development\Window-Detective-3.5.1-src\src\Debug\Win32\moc_DateTimePickerPropertyPage.obj
C:\sahil\development\Window-Detective-3.5.1-src\src\Debug\Win32\moc_EditPropertyPage.obj
C:\sahil\development\Window-Detective-3.5.1-src\src\Debug\Win32\moc_FindDialog.obj
C:\sahil\development\Window-Detective-3.5.1-src\src\Debug\Win32\moc_FontPropertyWidget.obj
C:\sahil\development\Window-Detective-3.5.1-src\src\Debug\Win32\moc_GenericPropertyPage.obj
C:\sahil\development\Window-Detective-3.5.1-src\src\Debug\Win32\moc_HexSpinBox.obj
C:\sahil\development\Window-Detective-3.5.1-src\src\Debug\Win32\moc_HighlightPane.obj
C:\sahil\development\Window-Detective-3.5.1-src\src\Debug\Win32\moc_InfoPane.obj
C:\sahil\development\Window-Detective-3.5.1-src\src\Debug\Win32\moc_ListBoxPropertyPage.obj
C:\sahil\development\Window-Detective-3.5.1-src\src\Debug\Win32\moc_ListViewPropertyPage.obj
C:\sahil\development\Window-Detective-3.5.1-src\src\Debug\Win32\moc_MainWindow.obj
C:\sahil\development\Window-Detective-3.5.1-src\src\Debug\Win32\moc_MessageFilterDialog.obj
C:\sahil\development\Window-Detective-3.5.1-src\src\Debug\Win32\moc_MessageFiltering.obj
C:\sahil\development\Window-Detective-3.5.1-src\src\Debug\Win32\moc_MessagesPane.obj
C:\sahil\development\Window-Detective-3.5.1-src\src\Debug\Win32\moc_MessageWidget.obj
C:\sahil\development\Window-Detective-3.5.1-src\src\Debug\Win32\moc_PreferencesDialog.obj
C:\sahil\development\Window-Detective-3.5.1-src\src\Debug\Win32\moc_ProgressBarPropertyPage.obj
C:\sahil\development\Window-Detective-3.5.1-src\src\Debug\Win32\moc_PropertiesPane.obj
C:\sahil\development\Window-Detective-3.5.1-src\src\Debug\Win32\moc_ResizableDockContainer.obj
C:\sahil\development\Window-Detective-3.5.1-src\src\Debug\Win32\moc_ScrollPropertyWidget.obj
C:\sahil\development\Window-Detective-3.5.1-src\src\Debug\Win32\moc_SearchCriteriaWidget.obj
C:\sahil\development\Window-Detective-3.5.1-src\src\Debug\Win32\moc_SearchInputPane.obj
C:\sahil\development\Window-Detective-3.5.1-src\src\Debug\Win32\moc_SearchResultsDialog.obj
C:\sahil\development\Window-Detective-3.5.1-src\src\Debug\Win32\moc_SetPropertiesDialog.obj
C:\sahil\development\Window-Detective-3.5.1-src\src\Debug\Win32\moc_SizeInputWidget.obj
C:\sahil\development\Window-Detective-3.5.1-src\src\Debug\Win32\moc_StatusBarPropertyPage.obj
C:\sahil\development\Window-Detective-3.5.1-src\src\Debug\Win32\moc_SystemColoursPane.obj
C:\sahil\development\Window-Detective-3.5.1-src\src\Debug\Win32\moc_SystemInfoDialog.obj
C:\sahil\development\Window-Detective-3.5.1-src\src\Debug\Win32\moc_SystemMetricsPane.obj
C:\sahil\development\Window-Detective-3.5.1-src\src\Debug\Win32\moc_SystemParametersPane.obj
C:\sahil\development\Window-Detective-3.5.1-src\src\Debug\Win32\moc_TabPropertyPage.obj
C:\sahil\development\Window-Detective-3.5.1-src\src\Debug\Win32\moc_TreeItem.obj
C:\sahil\development\Window-Detective-3.5.1-src\src\Debug\Win32\moc_Window.obj
C:\sahil\development\Window-Detective-3.5.1-src\src\Debug\Win32\moc_WindowClassPropertyPage.obj
C:\sahil\development\Window-Detective-3.5.1-src\src\Debug\Win32\moc_WindowManager.obj
C:\sahil\development\Window-Detective-3.5.1-src\src\Debug\Win32\moc_WindowPicker.obj
C:\sahil\development\Window-Detective-3.5.1-src\src\Debug\Win32\moc_WindowPropWidget.obj
C:\sahil\development\Window-Detective-3.5.1-src\src\Debug\Win32\moc_WindowTree.obj
C:\sahil\development\Window-Detective-3.5.1-src\src\Debug\Win32\PreferencesDialog.obj
C:\sahil\development\Window-Detective-3.5.1-src\src\Debug\Win32\Process.obj
C:\sahil\development\Window-Detective-3.5.1-src\src\Debug\Win32\ProgressBar.obj
C:\sahil\development\Window-Detective-3.5.1-src\src\Debug\Win32\ProgressBarPropertyPage.obj
C:\sahil\development\Window-Detective-3.5.1-src\src\Debug\Win32\PropertiesPane.obj
C:\sahil\development\Window-Detective-3.5.1-src\src\Debug\Win32\qrc_qt_resources.obj
C:\sahil\development\Window-Detective-3.5.1-src\src\Debug\Win32\QtHelpers.obj
C:\sahil\development\Window-Detective-3.5.1-src\src\Debug\Win32\RemoteFunctions.obj
C:\sahil\development\Window-Detective-3.5.1-src\src\Debug\Win32\Resources.obj
C:\sahil\development\Window-Detective-3.5.1-src\src\Debug\Win32\ScrollPropertyWidget.obj
C:\sahil\development\Window-Detective-3.5.1-src\src\Debug\Win32\SearchCriteria.obj
C:\sahil\development\Window-Detective-3.5.1-src\src\Debug\Win32\SearchCriteriaWidget.obj
C:\sahil\development\Window-Detective-3.5.1-src\src\Debug\Win32\SearchInputPane.obj
C:\sahil\development\Window-Detective-3.5.1-src\src\Debug\Win32\SearchResultsDialog.obj
C:\sahil\development\Window-Detective-3.5.1-src\src\Debug\Win32\SetPropertiesDialog.obj
C:\sahil\development\Window-Detective-3.5.1-src\src\Debug\Win32\Settings.obj
C:\sahil\development\Window-Detective-3.5.1-src\src\Debug\Win32\SizeInputWidget.obj
C:\sahil\development\Window-Detective-3.5.1-src\src\Debug\Win32\StatusBar.obj
C:\sahil\development\Window-Detective-3.5.1-src\src\Debug\Win32\StatusBarPropertyPage.obj
C:\sahil\development\Window-Detective-3.5.1-src\src\Debug\Win32\StringFormatter.obj
C:\sahil\development\Window-Detective-3.5.1-src\src\Debug\Win32\SystemColoursPane.obj
C:\sahil\development\Window-Detective-3.5.1-src\src\Debug\Win32\SystemInfoDialog.obj
C:\sahil\development\Window-Detective-3.5.1-src\src\Debug\Win32\SystemMetricsPane.obj
C:\sahil\development\Window-Detective-3.5.1-src\src\Debug\Win32\SystemParametersPane.obj
C:\sahil\development\Window-Detective-3.5.1-src\src\Debug\Win32\Tab.obj
C:\sahil\development\Window-Detective-3.5.1-src\src\Debug\Win32\TabPropertyPage.obj
C:\sahil\development\Window-Detective-3.5.1-src\src\Debug\Win32\TreeItem.obj
C:\sahil\development\Window-Detective-3.5.1-src\src\Debug\Win32\Window.obj
C:\sahil\development\Window-Detective-3.5.1-src\src\Debug\Win32\WindowClassPropertyPage.obj
C:\sahil\development\Window-Detective-3.5.1-src\src\Debug\Win32\WindowManager.obj
C:\sahil\development\Window-Detective-3.5.1-src\src\Debug\Win32\WindowMessage.obj
C:\sahil\development\Window-Detective-3.5.1-src\src\Debug\Win32\WindowMisc.obj
C:\sahil\development\Window-Detective-3.5.1-src\src\Debug\Win32\WindowPicker.obj
C:\sahil\development\Window-Detective-3.5.1-src\src\Debug\Win32\WindowPropWidget.obj
C:\sahil\development\Window-Detective-3.5.1-src\src\Debug\Win32\WindowTree.obj
C:\sahil\development\Window-Detective-3.5.1-src\src\Debug\Win32\cl.command.1.tlog
C:\sahil\development\Window-Detective-3.5.1-src\src\Debug\Win32\CL.read.1.tlog
C:\sahil\development\Window-Detective-3.5.1-src\src\Debug\Win32\CL.write.1.tlog
C:\sahil\development\Window-Detective-3.5.1-src\src\Debug\Win32\custombuild.command.1.tlog
C:\sahil\development\Window-Detective-3.5.1-src\src\Debug\Win32\custombuild.read.1.tlog
C:\sahil\development\Window-Detective-3.5.1-src\src\Debug\Win32\custombuild.write.1.tlog
C:\sahil\development\Window-Detective-3.5.1-src\src\Debug\Win32\link-cvtres.read.1.tlog
C:\sahil\development\Window-Detective-3.5.1-src\src\Debug\Win32\link-cvtres.write.1.tlog
C:\sahil\development\Window-Detective-3.5.1-src\src\Debug\Win32\link-rc.read.1.tlog
C:\sahil\development\Window-Detective-3.5.1-src\src\Debug\Win32\link-rc.write.1.tlog
C:\sahil\development\Window-Detective-3.5.1-src\src\Debug\Win32\link.command.1.tlog
C:\sahil\development\Window-Detective-3.5.1-src\src\Debug\Win32\link.read.1.tlog
C:\sahil\development\Window-Detective-3.5.1-src\src\Debug\Win32\link.write.1.tlog
C:\sahil\development\Window-Detective-3.5.1-src\src\Debug\Win32\rc.command.1.tlog
C:\sahil\development\Window-Detective-3.5.1-src\src\Debug\Win32\rc.read.1.tlog
C:\sahil\development\Window-Detective-3.5.1-src\src\Debug\Win32\rc.write.1.tlog
C:\sahil\development\Window-Detective-3.5.1-src\src\Debug\Win32\win_resources.res
C:\sahil\development\Window-Detective-3.5.1-src\src\Debug\Win32\vc110.idb
C:\sahil\development\Window-Detective-3.5.1-src\src\Debug\Win32\vc110.pdb
