Build started 5/10/2020 11:23:34 PM.
     1>Project "C:\sahil\development\Window-Detective-3.5.1-src\src\Window Detective.vcxproj" on node 2 (Build target(s)).
     1>C:\Program Files (x86)\MSBuild\Microsoft.Cpp\v4.0\V110\Microsoft.CppBuild.targets(346,5): warning MSB8004: Output Directory does not end with a trailing slash.  This build instance will add the slash as it is required to allow proper evaluation of the Output Directory.
     1>ClCompile:
         C:\Program Files (x86)\Microsoft Visual Studio 11.0\VC\bin\CL.exe /c /I"C:\sahil\development\Window-Detective-3.5.1-src\src\\" /I"C:\Qt\qtx86_vs2012\mkspecs\win32-msvc2010" /IC:\Qt\qtx86_vs2012\include /IC:\Qt\qtx86_vs2012\include\QtCore /IC:\Qt\qtx86_vs2012\include\QtGui /IC:\Qt\qtx86_vs2012\include\QtWidgets /IC:\Qt\qtx86_vs2012\include\QtXml /I.\ui\forms /IRelease\moc /IRelease\rcc /nologo /W3 /WX- /O1 /Oy- /D QT_NO_DEBUG /D NDEBUG /D _WINDOWS /D UNICODE /D WIN32 /D QT_LARGEFILE_SUPPORT /D QT_DLL /D QT_NO_DEBUG /D QT_GUI_LIB /D QT_CORE_LIB /D QT_THREAD_SUPPORT /D NDEBUG /D QT_WIDGETS_LIB /D QT_XML_LIB /Gm- /EHsc /MD /GS- /fp:precise /Zc:wchar_t- /Zc:forScope /GR /Fo"C:\sahil\development\Window-Detective-3.5.1-src\src\Release\obj\\" /Fd"C:\sahil\development\Window-Detective-3.5.1-src\src\Release\obj\vc110.pdb" /Gd /TP /analyze- /errorReport:prompt -Zm200 -w34100 -w34189 -w34100 -w34189 Release\moc\moc_AboutDialog.cpp Release\moc\moc_AbstractPropertyPage.cpp Release\moc\moc_BalloonTip.cpp Release\moc\moc_BrushPropertyWidget.cpp Release\moc\moc_ColourButton.cpp Release\moc\moc_ComboBoxPropertyPage.cpp Release\moc\moc_DateTimePickerPropertyPage.cpp Release\moc\moc_EditPropertyPage.cpp Release\moc\moc_FindDialog.cpp Release\moc\moc_FontPropertyWidget.cpp Release\moc\moc_GenericPropertyPage.cpp Release\moc\moc_HexSpinBox.cpp Release\moc\moc_HighlightPane.cpp Release\moc\moc_InfoPane.cpp Release\moc\moc_ListBoxPropertyPage.cpp Release\moc\moc_ListViewPropertyPage.cpp Release\moc\moc_MainWindow.cpp Release\moc\moc_MessageFilterDialog.cpp Release\moc\moc_MessageFiltering.cpp Release\moc\moc_MessageWidget.cpp Release\moc\moc_MessagesPane.cpp Release\moc\moc_PreferencesDialog.cpp Release\moc\moc_ProgressBarPropertyPage.cpp Release\moc\moc_PropertiesPane.cpp Release\moc\moc_ResizableDockContainer.cpp Release\moc\moc_ScrollPropertyWidget.cpp Release\moc\moc_SearchCriteriaWidget.cpp Release\moc\moc_SearchInputPane.cpp Release\moc\moc_SearchResultsDialog.cpp Release\moc\moc_SetPropertiesDialog.cpp Release\moc\moc_SizeInputWidget.cpp Release\moc\moc_StatusBarPropertyPage.cpp Release\moc\moc_SystemColoursPane.cpp Release\moc\moc_SystemInfoDialog.cpp Release\moc\moc_SystemMetricsPane.cpp Release\moc\moc_SystemParametersPane.cpp Release\moc\moc_TabPropertyPage.cpp Release\moc\moc_TreeItem.cpp Release\moc\moc_Window.cpp Release\moc\moc_WindowClassPropertyPage.cpp Release\moc\moc_WindowManager.cpp Release\moc\moc_WindowPicker.cpp Release\moc\moc_WindowPropWidget.cpp Release\moc\moc_WindowTree.cpp Release\rcc\qrc_qt_resources.cpp ui\FindDialog.cpp ui\MainWindow.cpp ui\MessageFilterDialog.cpp ui\MessagesPane.cpp ui\PreferencesDialog.cpp ui\SearchResultsDialog.cpp ui\SetPropertiesDialog.cpp ui\SystemColoursPane.cpp ui\SystemInfoDialog.cpp ui\SystemMetricsPane.cpp ui\SystemParametersPane.cpp ui\custom_widgets\SearchCriteriaWidget.cpp ui\custom_widgets\WindowTree.cpp ui\property_pages\ComboBoxPropertyPage.cpp ui\property_pages\DateTimePickerPropertyPage.cpp ui\property_pages\EditPropertyPage.cpp ui\property_pages\GenericPropertyPage.cpp ui\property_pages\ListBoxPropertyPage.cpp ui\property_pages\ListViewPropertyPage.cpp ui\property_pages\ProgressBarPropertyPage.cpp ui\property_pages\PropertiesPane.cpp ui\property_pages\StatusBarPropertyPage.cpp ui\property_pages\TabPropertyPage.cpp ui\property_pages\WindowClassPropertyPage.cpp window_detective\main.cpp
     1>cl : Command line warning D9025: overriding '/Zm1000' with '/Zm200'
         moc_AboutDialog.cpp
         moc_AbstractPropertyPage.cpp
         moc_BalloonTip.cpp
         moc_BrushPropertyWidget.cpp
         moc_ColourButton.cpp
         moc_ComboBoxPropertyPage.cpp
         moc_DateTimePickerPropertyPage.cpp
         moc_EditPropertyPage.cpp
         moc_FindDialog.cpp
         moc_FontPropertyWidget.cpp
         moc_GenericPropertyPage.cpp
         moc_HexSpinBox.cpp
         moc_HighlightPane.cpp
         moc_InfoPane.cpp
         moc_ListBoxPropertyPage.cpp
         moc_ListViewPropertyPage.cpp
         moc_MainWindow.cpp
         moc_MessageFilterDialog.cpp
         moc_MessageFiltering.cpp
         moc_MessageWidget.cpp
         Generating Code...
         Compiling...
         moc_MessagesPane.cpp
         moc_PreferencesDialog.cpp
         moc_ProgressBarPropertyPage.cpp
         moc_PropertiesPane.cpp
         moc_ResizableDockContainer.cpp
         moc_ScrollPropertyWidget.cpp
         moc_SearchCriteriaWidget.cpp
         moc_SearchInputPane.cpp
         moc_SearchResultsDialog.cpp
         moc_SetPropertiesDialog.cpp
         moc_SizeInputWidget.cpp
         moc_StatusBarPropertyPage.cpp
         moc_SystemColoursPane.cpp
         moc_SystemInfoDialog.cpp
         moc_SystemMetricsPane.cpp
         moc_SystemParametersPane.cpp
         moc_TabPropertyPage.cpp
         moc_TreeItem.cpp
         moc_Window.cpp
         moc_WindowClassPropertyPage.cpp
         Generating Code...
         Compiling...
         moc_WindowManager.cpp
         moc_WindowPicker.cpp
         moc_WindowPropWidget.cpp
         moc_WindowTree.cpp
         qrc_qt_resources.cpp
         FindDialog.cpp
         MainWindow.cpp
         MessageFilterDialog.cpp
         MessagesPane.cpp
         PreferencesDialog.cpp
         SearchResultsDialog.cpp
         SetPropertiesDialog.cpp
         SystemColoursPane.cpp
         SystemInfoDialog.cpp
         SystemMetricsPane.cpp
         SystemParametersPane.cpp
         SearchCriteriaWidget.cpp
         WindowTree.cpp
         ComboBoxPropertyPage.cpp
         DateTimePickerPropertyPage.cpp
         Generating Code...
         Compiling...
         EditPropertyPage.cpp
         GenericPropertyPage.cpp
         ListBoxPropertyPage.cpp
         ListViewPropertyPage.cpp
         ProgressBarPropertyPage.cpp
         PropertiesPane.cpp
         StatusBarPropertyPage.cpp
         TabPropertyPage.cpp
         WindowClassPropertyPage.cpp
         main.cpp
         Generating Code...
       Link:
         C:\Program Files (x86)\Microsoft Visual Studio 11.0\VC\bin\link.exe /ERRORREPORT:PROMPT /OUT:"C:\sahil\development\Window-Detective-3.5.1-src\src\\Win32\Release\Window Detective.exe" /NOLOGO /LIBPATH:C:\Qt\qtx86_vs2012\lib Psapi.lib qtmain.lib Qt5Core.lib Qt5Gui.lib Qt5Widgets.lib Qt5Xml.lib kernel32.lib user32.lib gdi32.lib winspool.lib comdlg32.lib advapi32.lib shell32.lib ole32.lib oleaut32.lib uuid.lib odbc32.lib odbccp32.lib /MANIFEST /MANIFESTUAC:"level='asInvoker' uiAccess='false'" /manifest:embed /PDB:"C:\sahil\development\Window-Detective-3.5.1-src\src\Release\Window Detective.pdb" /SUBSYSTEM:WINDOWS /TLBID:1 /DYNAMICBASE /NXCOMPAT /MACHINE:X86 /SAFESEH "/MANIFESTDEPENDENCY:type='win32' name='Microsoft.Windows.Common-Controls' version='6.0.0.0' publicKeyToken='6595b64144ccf1df' language='*' processorArchitecture='*'" "/MANIFESTDEPENDENCY:type='win32' name='Microsoft.Windows.Common-Controls' version='6.0.0.0' publicKeyToken='6595b64144ccf1df' language='*' processorArchitecture='*'" "C:\sahil\development\Window-Detective-3.5.1-src\src\Release\obj\win_resources.res"
         "C:\sahil\development\Window-Detective-3.5.1-src\src\Release\obj\moc_AboutDialog.obj"
         "C:\sahil\development\Window-Detective-3.5.1-src\src\Release\obj\moc_AbstractPropertyPage.obj"
         "C:\sahil\development\Window-Detective-3.5.1-src\src\Release\obj\moc_BalloonTip.obj"
         "C:\sahil\development\Window-Detective-3.5.1-src\src\Release\obj\moc_BrushPropertyWidget.obj"
         "C:\sahil\development\Window-Detective-3.5.1-src\src\Release\obj\moc_ColourButton.obj"
         "C:\sahil\development\Window-Detective-3.5.1-src\src\Release\obj\moc_ComboBoxPropertyPage.obj"
         "C:\sahil\development\Window-Detective-3.5.1-src\src\Release\obj\moc_DateTimePickerPropertyPage.obj"
         "C:\sahil\development\Window-Detective-3.5.1-src\src\Release\obj\moc_EditPropertyPage.obj"
         "C:\sahil\development\Window-Detective-3.5.1-src\src\Release\obj\moc_FindDialog.obj"
         "C:\sahil\development\Window-Detective-3.5.1-src\src\Release\obj\moc_FontPropertyWidget.obj"
         "C:\sahil\development\Window-Detective-3.5.1-src\src\Release\obj\moc_GenericPropertyPage.obj"
         "C:\sahil\development\Window-Detective-3.5.1-src\src\Release\obj\moc_HexSpinBox.obj"
         "C:\sahil\development\Window-Detective-3.5.1-src\src\Release\obj\moc_HighlightPane.obj"
         "C:\sahil\development\Window-Detective-3.5.1-src\src\Release\obj\moc_InfoPane.obj"
         "C:\sahil\development\Window-Detective-3.5.1-src\src\Release\obj\moc_ListBoxPropertyPage.obj"
         "C:\sahil\development\Window-Detective-3.5.1-src\src\Release\obj\moc_ListViewPropertyPage.obj"
         "C:\sahil\development\Window-Detective-3.5.1-src\src\Release\obj\moc_MainWindow.obj"
         "C:\sahil\development\Window-Detective-3.5.1-src\src\Release\obj\moc_MessageFilterDialog.obj"
         "C:\sahil\development\Window-Detective-3.5.1-src\src\Release\obj\moc_MessageFiltering.obj"
         "C:\sahil\development\Window-Detective-3.5.1-src\src\Release\obj\moc_MessagesPane.obj"
         "C:\sahil\development\Window-Detective-3.5.1-src\src\Release\obj\moc_MessageWidget.obj"
         "C:\sahil\development\Window-Detective-3.5.1-src\src\Release\obj\moc_PreferencesDialog.obj"
         "C:\sahil\development\Window-Detective-3.5.1-src\src\Release\obj\moc_ProgressBarPropertyPage.obj"
         "C:\sahil\development\Window-Detective-3.5.1-src\src\Release\obj\moc_PropertiesPane.obj"
         "C:\sahil\development\Window-Detective-3.5.1-src\src\Release\obj\moc_ResizableDockContainer.obj"
         "C:\sahil\development\Window-Detective-3.5.1-src\src\Release\obj\moc_ScrollPropertyWidget.obj"
         "C:\sahil\development\Window-Detective-3.5.1-src\src\Release\obj\moc_SearchCriteriaWidget.obj"
         "C:\sahil\development\Window-Detective-3.5.1-src\src\Release\obj\moc_SearchInputPane.obj"
         "C:\sahil\development\Window-Detective-3.5.1-src\src\Release\obj\moc_SearchResultsDialog.obj"
         "C:\sahil\development\Window-Detective-3.5.1-src\src\Release\obj\moc_SetPropertiesDialog.obj"
         "C:\sahil\development\Window-Detective-3.5.1-src\src\Release\obj\moc_SizeInputWidget.obj"
         "C:\sahil\development\Window-Detective-3.5.1-src\src\Release\obj\moc_StatusBarPropertyPage.obj"
         "C:\sahil\development\Window-Detective-3.5.1-src\src\Release\obj\moc_SystemColoursPane.obj"
         "C:\sahil\development\Window-Detective-3.5.1-src\src\Release\obj\moc_SystemInfoDialog.obj"
         "C:\sahil\development\Window-Detective-3.5.1-src\src\Release\obj\moc_SystemMetricsPane.obj"
         "C:\sahil\development\Window-Detective-3.5.1-src\src\Release\obj\moc_SystemParametersPane.obj"
         "C:\sahil\development\Window-Detective-3.5.1-src\src\Release\obj\moc_TabPropertyPage.obj"
         "C:\sahil\development\Window-Detective-3.5.1-src\src\Release\obj\moc_TreeItem.obj"
         "C:\sahil\development\Window-Detective-3.5.1-src\src\Release\obj\moc_Window.obj"
         "C:\sahil\development\Window-Detective-3.5.1-src\src\Release\obj\moc_WindowClassPropertyPage.obj"
         "C:\sahil\development\Window-Detective-3.5.1-src\src\Release\obj\moc_WindowManager.obj"
         "C:\sahil\development\Window-Detective-3.5.1-src\src\Release\obj\moc_WindowPicker.obj"
         "C:\sahil\development\Window-Detective-3.5.1-src\src\Release\obj\moc_WindowPropWidget.obj"
         "C:\sahil\development\Window-Detective-3.5.1-src\src\Release\obj\moc_WindowTree.obj"
         "C:\sahil\development\Window-Detective-3.5.1-src\src\Release\obj\qrc_qt_resources.obj"
         "C:\sahil\development\Window-Detective-3.5.1-src\src\Release\obj\SizeInputWidget.obj"
         "C:\sahil\development\Window-Detective-3.5.1-src\src\Release\obj\SystemColoursPane.obj"
         "C:\sahil\development\Window-Detective-3.5.1-src\src\Release\obj\SystemParametersPane.obj"
         "C:\sahil\development\Window-Detective-3.5.1-src\src\Release\obj\SystemMetricsPane.obj"
         "C:\sahil\development\Window-Detective-3.5.1-src\src\Release\obj\IniFile.obj"
         "C:\sahil\development\Window-Detective-3.5.1-src\src\Release\obj\Logger.obj"
         "C:\sahil\development\Window-Detective-3.5.1-src\src\Release\obj\main.obj"
         "C:\sahil\development\Window-Detective-3.5.1-src\src\Release\obj\QtHelpers.obj"
         "C:\sahil\development\Window-Detective-3.5.1-src\src\Release\obj\Resources.obj"
         "C:\sahil\development\Window-Detective-3.5.1-src\src\Release\obj\Settings.obj"
         "C:\sahil\development\Window-Detective-3.5.1-src\src\Release\obj\StringFormatter.obj"
         "C:\sahil\development\Window-Detective-3.5.1-src\src\Release\obj\AboutDialog.obj"
         "C:\sahil\development\Window-Detective-3.5.1-src\src\Release\obj\ActionManager.obj"
         "C:\sahil\development\Window-Detective-3.5.1-src\src\Release\obj\FindDialog.obj"
         "C:\sahil\development\Window-Detective-3.5.1-src\src\Release\obj\HighlightPane.obj"
         "C:\sahil\development\Window-Detective-3.5.1-src\src\Release\obj\InfoPane.obj"
         "C:\sahil\development\Window-Detective-3.5.1-src\src\Release\obj\MainWindow.obj"
         "C:\sahil\development\Window-Detective-3.5.1-src\src\Release\obj\MessageFilterDialog.obj"
         "C:\sahil\development\Window-Detective-3.5.1-src\src\Release\obj\MessageFiltering.obj"
         "C:\sahil\development\Window-Detective-3.5.1-src\src\Release\obj\MessagesPane.obj"
         "C:\sahil\development\Window-Detective-3.5.1-src\src\Release\obj\PreferencesDialog.obj"
         "C:\sahil\development\Window-Detective-3.5.1-src\src\Release\obj\SearchResultsDialog.obj"
         "C:\sahil\development\Window-Detective-3.5.1-src\src\Release\obj\SetPropertiesDialog.obj"
         "C:\sahil\development\Window-Detective-3.5.1-src\src\Release\obj\SystemInfoDialog.obj"
         "C:\sahil\development\Window-Detective-3.5.1-src\src\Release\obj\BalloonTip.obj"
         "C:\sahil\development\Window-Detective-3.5.1-src\src\Release\obj\BrushPropertyWidget.obj"
         "C:\sahil\development\Window-Detective-3.5.1-src\src\Release\obj\ColourButton.obj"
         "C:\sahil\development\Window-Detective-3.5.1-src\src\Release\obj\FontPropertyWidget.obj"
         "C:\sahil\development\Window-Detective-3.5.1-src\src\Release\obj\HexSpinBox.obj"
         "C:\sahil\development\Window-Detective-3.5.1-src\src\Release\obj\MessageWidget.obj"
         "C:\sahil\development\Window-Detective-3.5.1-src\src\Release\obj\ScrollPropertyWidget.obj"
         "C:\sahil\development\Window-Detective-3.5.1-src\src\Release\obj\SearchCriteriaWidget.obj"
         "C:\sahil\development\Window-Detective-3.5.1-src\src\Release\obj\SearchInputPane.obj"
         "C:\sahil\development\Window-Detective-3.5.1-src\src\Release\obj\TreeItem.obj"
         "C:\sahil\development\Window-Detective-3.5.1-src\src\Release\obj\WindowPicker.obj"
         "C:\sahil\development\Window-Detective-3.5.1-src\src\Release\obj\WindowPropWidget.obj"
         "C:\sahil\development\Window-Detective-3.5.1-src\src\Release\obj\WindowTree.obj"
         "C:\sahil\development\Window-Detective-3.5.1-src\src\Release\obj\AbstractPropertyPage.obj"
         "C:\sahil\development\Window-Detective-3.5.1-src\src\Release\obj\ComboBoxPropertyPage.obj"
         "C:\sahil\development\Window-Detective-3.5.1-src\src\Release\obj\DateTimePickerPropertyPage.obj"
         "C:\sahil\development\Window-Detective-3.5.1-src\src\Release\obj\EditPropertyPage.obj"
         "C:\sahil\development\Window-Detective-3.5.1-src\src\Release\obj\GenericPropertyPage.obj"
         "C:\sahil\development\Window-Detective-3.5.1-src\src\Release\obj\ListBoxPropertyPage.obj"
         "C:\sahil\development\Window-Detective-3.5.1-src\src\Release\obj\ListViewPropertyPage.obj"
         "C:\sahil\development\Window-Detective-3.5.1-src\src\Release\obj\ProgressBarPropertyPage.obj"
         "C:\sahil\development\Window-Detective-3.5.1-src\src\Release\obj\PropertiesPane.obj"
         "C:\sahil\development\Window-Detective-3.5.1-src\src\Release\obj\StatusBarPropertyPage.obj"
         "C:\sahil\development\Window-Detective-3.5.1-src\src\Release\obj\TabPropertyPage.obj"
         "C:\sahil\development\Window-Detective-3.5.1-src\src\Release\obj\WindowClassPropertyPage.obj"
         "C:\sahil\development\Window-Detective-3.5.1-src\src\Release\obj\DynamicData.obj"
         "C:\sahil\development\Window-Detective-3.5.1-src\src\Release\obj\MessageHandler.obj"
         "C:\sahil\development\Window-Detective-3.5.1-src\src\Release\obj\Process.obj"
         "C:\sahil\development\Window-Detective-3.5.1-src\src\Release\obj\RemoteFunctions.obj"
         "C:\sahil\development\Window-Detective-3.5.1-src\src\Release\obj\SearchCriteria.obj"
         "C:\sahil\development\Window-Detective-3.5.1-src\src\Release\obj\WindowManager.obj"
         "C:\sahil\development\Window-Detective-3.5.1-src\src\Release\obj\WindowMessage.obj"
         "C:\sahil\development\Window-Detective-3.5.1-src\src\Release\obj\WindowMisc.obj"
         "C:\sahil\development\Window-Detective-3.5.1-src\src\Release\obj\Button.obj"
         "C:\sahil\development\Window-Detective-3.5.1-src\src\Release\obj\ComboBox.obj"
         "C:\sahil\development\Window-Detective-3.5.1-src\src\Release\obj\DateTimePicker.obj"
         "C:\sahil\development\Window-Detective-3.5.1-src\src\Release\obj\Edit.obj"
         "C:\sahil\development\Window-Detective-3.5.1-src\src\Release\obj\ListBox.obj"
         "C:\sahil\development\Window-Detective-3.5.1-src\src\Release\obj\ListView.obj"
         "C:\sahil\development\Window-Detective-3.5.1-src\src\Release\obj\ProgressBar.obj"
         "C:\sahil\development\Window-Detective-3.5.1-src\src\Release\obj\StatusBar.obj"
         "C:\sahil\development\Window-Detective-3.5.1-src\src\Release\obj\Tab.obj"
         "C:\sahil\development\Window-Detective-3.5.1-src\src\Release\obj\Window.obj"
         "C:\sahil\development\Window-Detective-3.5.1-src\src\Win32\Release\WD_Hook.lib"
         Window Detective.vcxproj -> C:\sahil\development\Window-Detective-3.5.1-src\src\\Win32\Release\Window Detective.exe
     1>Done Building Project "C:\sahil\development\Window-Detective-3.5.1-src\src\Window Detective.vcxproj" (Build target(s)).

Build succeeded.

Time Elapsed 00:04:19.59
