C:\SAHIL\DEVELOPMENT\WINDOW-DETECTIVE-3.5.1-SRC\SRC\HOOK\DEBUG\X64\WD_HOOK_X64_DEBUG.PCH
C:\SAHIL\DEVELOPMENT\WINDOW-DETECTIVE-3.5.1-SRC\SRC\HOOK\DEBUG\X64\STDAFX.OBJ
C:\SAHIL\DEVELOPMENT\WINDOW-DETECTIVE-3.5.1-SRC\SRC\HOOK\DEBUG\X64\VC110.PDB
C:\SAHIL\DEVELOPMENT\WINDOW-DETECTIVE-3.5.1-SRC\SRC\HOOK\DEBUG\X64\HOOK.OBJ
C:\SAHIL\DEVELOPMENT\WINDOW-DETECTIVE-3.5.1-SRC\SRC\HOOK\DEBUG\X64\REMOTEINFO.OBJ
C:\SAHIL\DEVELOPMENT\WINDOW-DETECTIVE-3.5.1-SRC\SRC\X64\DEBUG\WD_HOOK_X64_DEBUG.ILK
C:\SAHIL\DEVELOPMENT\WINDOW-DETECTIVE-3.5.1-SRC\SRC\X64\DEBUG\WD_HOOK_X64_DEBUG.DLL
C:\SAHIL\DEVELOPMENT\WINDOW-DETECTIVE-3.5.1-SRC\SRC\HOOK\DEBUG\WD_HOOK_X64_DEBUG.PDB
C:\SAHIL\DEVELOPMENT\WINDOW-DETECTIVE-3.5.1-SRC\SRC\HOOK\DEBUG\X64\VERSION_INFO.RES
C:\sahil\development\Window-Detective-3.5.1-src\src\x64\Debug\WD_Hook_x64_Debug.lib
C:\sahil\development\Window-Detective-3.5.1-src\src\x64\Debug\WD_Hook_x64_Debug.exp
C:\sahil\development\Window-Detective-3.5.1-src\src\hook\Debug\x64\Hook.obj
C:\sahil\development\Window-Detective-3.5.1-src\src\hook\Debug\x64\RemoteInfo.obj
C:\sahil\development\Window-Detective-3.5.1-src\src\hook\Debug\x64\stdafx.obj
C:\sahil\development\Window-Detective-3.5.1-src\src\hook\Debug\x64\cl.command.1.tlog
C:\sahil\development\Window-Detective-3.5.1-src\src\hook\Debug\x64\CL.read.1.tlog
C:\sahil\development\Window-Detective-3.5.1-src\src\hook\Debug\x64\CL.write.1.tlog
C:\sahil\development\Window-Detective-3.5.1-src\src\hook\Debug\x64\link-cvtres.read.1.tlog
C:\sahil\development\Window-Detective-3.5.1-src\src\hook\Debug\x64\link-cvtres.write.1.tlog
C:\sahil\development\Window-Detective-3.5.1-src\src\hook\Debug\x64\link-rc.read.1.tlog
C:\sahil\development\Window-Detective-3.5.1-src\src\hook\Debug\x64\link-rc.write.1.tlog
C:\sahil\development\Window-Detective-3.5.1-src\src\hook\Debug\x64\link.command.1.tlog
C:\sahil\development\Window-Detective-3.5.1-src\src\hook\Debug\x64\link.read.1.tlog
C:\sahil\development\Window-Detective-3.5.1-src\src\hook\Debug\x64\link.write.1.tlog
C:\sahil\development\Window-Detective-3.5.1-src\src\hook\Debug\x64\rc.command.1.tlog
C:\sahil\development\Window-Detective-3.5.1-src\src\hook\Debug\x64\rc.read.1.tlog
C:\sahil\development\Window-Detective-3.5.1-src\src\hook\Debug\x64\rc.write.1.tlog
C:\sahil\development\Window-Detective-3.5.1-src\src\hook\Debug\x64\WD_Hook.write.1.tlog
C:\sahil\development\Window-Detective-3.5.1-src\src\hook\Debug\x64\version_info.res
C:\sahil\development\Window-Detective-3.5.1-src\src\hook\Debug\x64\WD_Hook_x64_Debug.pch
C:\sahil\development\Window-Detective-3.5.1-src\src\hook\Debug\x64\vc110.pdb
C:\sahil\development\Window-Detective-3.5.1-src\src\\x64\Debug\WD_Hook_x64_Debug.dll
C:\sahil\development\Window-Detective-3.5.1-src\src\\x64\Debug\WD_Hook_x64_Debug.ilk
